#
# A fatal error has been detected by the Java Runtime Environment:
#
#  EXCEPTION_ACCESS_VIOLATION (0xc0000005) at pc=0x00007ffb599b6587, pid=7232, tid=3008
#
# JRE version: OpenJDK Runtime Environment Corretto-21.0.6.7.1 (21.0.6+7) (build 21.0.6+7-LTS)
# Java VM: OpenJDK 64-Bit Server VM Corretto-21.0.6.7.1 (21.0.6+7-LTS, mixed mode, sharing, tiered, compressed oops, compressed class ptrs, g1 gc, windows-amd64)
# Problematic frame:
# C  0x00007ffb599b6587
#
# No core dump will be written. Minidumps are not enabled by default on client versions of Windows
#
# If you would like to submit a bug report, please visit:
#   https://github.com/corretto/corretto-21/issues/
#

---------------  S U M M A R Y ------------

Command Line: -javaagent:C:\Program Files\JetBrains\IntelliJ IDEA 2024.3.3\lib\idea_rt.jar=57690 -Dfile.encoding=UTF-8 -Dsun.stdout.encoding=UTF-8 -Dsun.stderr.encoding=UTF-8 --module-path=C:\Users\bkiin\.m2\repository\org\openjfx\javafx-controls\21\javafx-controls-21-win.jar;C:\Users\bkiin\.m2\repository\org\openjfx\javafx-fxml\21\javafx-fxml-21-win.jar;C:\Users\bkiin\.m2\repository\org\hibernate\orm\hibernate-core\6.4.4.Final\hibernate-core-6.4.4.Final.jar;C:\Users\bkiin\.m2\repository\org\openjfx\javafx-graphics\21\javafx-graphics-21-win.jar;C:\Users\bkiin\Desktop\Roomies-System-Zarzadzania-Pokojami-Projekt\target\classes;C:\Users\bkiin\.m2\repository\jakarta\persistence\jakarta.persistence-api\3.1.0\jakarta.persistence-api-3.1.0.jar;C:\Users\bkiin\.m2\repository\org\openjfx\javafx-base\21\javafx-base-21-win.jar -Djdk.module.main=com.roomies com.roomies/com.roomies.RoomiesApp

Host: 12th Gen Intel(R) Core(TM) i5-12450H, 12 cores, 15G,  Windows 11 , 64 bit Build 26100 (10.0.26100.4202)
Time: Sun Jun  1 19:37:42 2025  Windows 11 , 64 bit Build 26100 (10.0.26100.4202) elapsed time: 74.231198 seconds (0d 0h 1m 14s)

---------------  T H R E A D  ---------------

Current thread (0x00000257b0d9a0e0):  VMThread "VM Thread"          [id=3008, stack(0x00000096b0b00000,0x00000096b0c00000) (1024K)]

Stack: [0x00000096b0b00000,0x00000096b0c00000],  sp=0x00000096b0bfee30,  free space=1019k
Native frames: (J=compiled Java code, j=interpreted, Vv=VM code, C=native code)
C  0x00007ffb599b6587


siginfo: EXCEPTION_ACCESS_VIOLATION (0xc0000005), reading address 0x0000000000000000


Registers:
RAX=0x0000000000000000, RBX=0x00000257b0da7692, RCX=0x00000257b0d9a0e0, RDX=0x00000096b0bfee30
RSP=0x00000096b0bfee30, RBP=0x000053c8f10ab16d, RSI=0x00000257f7183518, RDI=0x00000257f71834f0
R8 =0x0000000000010002, R9 =0x000053c8f10ab16d, R10=0x000002578f190000, R11=0x00000096b0bfef18
R12=0x00007ffb59990000, R13=0x000000007ffe0385, R14=0x00000096b0bfef38, R15=0x00000257f71834f0
RIP=0x00007ffb599b6587, EFLAGS=0x0000000000010206

XMM[0]=0x0000000000000000 0x0000000000000000
XMM[1]=0x0000000000000000 0x00000096b0bfda90
XMM[2]=0x0000000000000000 0x0000000000000000
XMM[3]=0x0000000000000000 0x0000000000000000
XMM[4]=0x0000000000000000 0x0000000000000000
XMM[5]=0x0000000000000000 0x0000000000000000
XMM[6]=0x0000000000000000 0x0000000000000000
XMM[7]=0x0000000000000000 0x404e000000000000
XMM[8]=0x0000000000000000 0x0000000000000000
XMM[9]=0x0000000000000000 0x0000000000000000
XMM[10]=0x0000000000000000 0x0000000000000000
XMM[11]=0x0000000000000000 0x0000000000000000
XMM[12]=0x0000000000000000 0x0000000000000000
XMM[13]=0x0000000000000000 0x0000000000000000
XMM[14]=0x0000000000000000 0x0000000000000000
XMM[15]=0x0000000000000000 0x0000000000000000
  MXCSR=0x00001fa0


Register to memory mapping:

RAX=0x0 is null
RBX=0x00000257b0da7692 is a global jni handle
RCX=0x00000257b0d9a0e0 points into unknown readable memory: 0x00007ffb3ba64ca0 | a0 4c a6 3b fb 7f 00 00
RDX=0x00000096b0bfee30 points into unknown readable memory: 0x0000000000000000 | 00 00 00 00 00 00 00 00
RSP=0x00000096b0bfee30 points into unknown readable memory: 0x0000000000000000 | 00 00 00 00 00 00 00 00
RBP=0x000053c8f10ab16d is an unknown value
RSI=0x00000257f7183518 points into unknown readable memory: 0x000053c8f10ab16d | 6d b1 0a f1 c8 53 00 00
RDI=0x00000257f71834f0 points into unknown readable memory: 0x673d53c8fef5da5e | 5e da f5 fe c8 53 3d 67
R8 =0x0000000000010002 is an unknown value
R9 =0x000053c8f10ab16d is an unknown value
R10=0x000002578f190000 points into unknown readable memory: 0x0000000000000000 | 00 00 00 00 00 00 00 00
R11=0x00000096b0bfef18 points into unknown readable memory: 0x00007ffb599b3d5d | 5d 3d 9b 59 fb 7f 00 00
R12=0x00007ffb59990000 points into unknown readable memory: 0x0000000300905a4d | 4d 5a 90 00 03 00 00 00
R13=0x000000007ffe0385 points into unknown readable memory: 00 00 00
R14=0x00000096b0bfef38 points into unknown readable memory: 0x00000096b0bfef20 | 20 ef bf b0 96 00 00 00
R15=0x00000257f71834f0 points into unknown readable memory: 0x673d53c8fef5da5e | 5e da f5 fe c8 53 3d 67

Top of Stack: (sp=0x00000096b0bfee30)
0x00000096b0bfee30:   0000000000000000 0000025700000000
0x00000096b0bfee40:   00000257f71274c0 00007ffb59990000
0x00000096b0bfee50:   00000257f71834f8 00007ffb7409bc75
0x00000096b0bfee60:   00000257f71834f0 0000025700000000
0x00000096b0bfee70:   00000257f7183510 000053c8f10ab16d
0x00000096b0bfee80:   fffffffffffffffe 00007ffb748396ab
0x00000096b0bfee90:   0000000000000000 00007ffb59990000
0x00000096b0bfeea0:   00000096b0bfef28 00007ffb7409b897
0x00000096b0bfeeb0:   00000096b0bfef00 00000096b0bfef38
0x00000096b0bfeec0:   00000096b0bff460 00007ffb741888c0
0x00000096b0bfeed0:   0000000000000001 00007ffb7409b84d
0x00000096b0bfeee0:   0000000000000000 0000000000000001
0x00000096b0bfeef0:   0000000000000000 00000096b0bfef28
0x00000096b0bfef00:   fffffffffffffffe 00000096b0bff400
0x00000096b0bfef10:   0000000000000000 00007ffb599b3d5d
0x00000096b0bfef20:   00007ffb599ca008 00007ffb00000002
0x00000096b0bfef30:   0000000000000002 00000096b0bfef20
0x00000096b0bfef40:   0000000000000000 00007ffb74b20000
0x00000096b0bfef50:   0000000000000000 00007ffb599b3e82
0x00000096b0bfef60:   0000000000000001 00000096b0bff460
0x00000096b0bfef70:   0000000000000001 0000000000000000
0x00000096b0bfef80:   0000000000000001 0000000000000000
0x00000096b0bfef90:   0000000000000001 00000000000000eb
0x00000096b0bfefa0:   00007ffb599b3ed0 0000000000000001
0x00000096b0bfefb0:   0000000000000001 00007ffb76f72983
0x00000096b0bfefc0:   00007ffb59990000 0000000000000000
0x00000096b0bfefd0:   0000000000000001 000000007ffe0384
0x00000096b0bfefe0:   00000000000000bc 0000000000000000
0x00000096b0bfeff0:   0000000000000000 0000000000000000
0x00000096b0bff000:   00007ffb59990000 fffffbb400000000
0x00000096b0bff010:   00000000000000e9 0000000000000000
0x00000096b0bff020:   0000000000000000 000002578f4c6390 

Instructions: (pc=0x00007ffb599b6587)
0x00007ffb599b6487:   8b 4d 58 e8 8d cf ff ff 48 8b 4d 60 e8 84 cf ff
0x00007ffb599b6497:   ff 48 8b 95 80 00 00 00 48 8b 8d 18 01 00 00 e8
0x00007ffb599b64a7:   76 c4 ff ff 33 d2 33 c9 e8 cc e1 ff ff 90 48 89
0x00007ffb599b64b7:   54 24 10 55 48 83 ec 20 48 8b ea 48 b8 00 00 00
0x00007ffb599b64c7:   00 00 00 00 00 48 83 c4 20 5d c3 cc 40 55 48 8b
0x00007ffb599b64d7:   ea 48 8b 01 33 c9 81 38 05 00 00 c0 0f 94 c1 8b
0x00007ffb599b64e7:   c1 5d c3 cc 40 55 48 83 ec 20 48 8b ea 8a 4d 40
0x00007ffb599b64f7:   48 83 c4 20 5d e9 73 d3 ff ff cc 40 55 48 83 ec
0x00007ffb599b6507:   20 48 8b ea 8a 4d 20 e8 61 d3 ff ff 90 48 83 c4
0x00007ffb599b6517:   20 5d c3 cc 40 55 48 83 ec 20 48 8b ea 48 83 c4
0x00007ffb599b6527:   20 5d e9 c2 d1 ff ff cc 40 55 48 83 ec 30 48 8b
0x00007ffb599b6537:   ea 48 8b 01 8b 10 48 89 4c 24 28 89 54 24 20 4c
0x00007ffb599b6547:   8d 0d 63 d6 ff ff 4c 8b 45 70 8b 55 68 48 8b 4d
0x00007ffb599b6557:   60 e8 03 d1 ff ff 90 48 83 c4 30 5d c3 cc cc cc
0x00007ffb599b6567:   cc cc cc cc cc cc cc cc cc 40 53 48 83 ec 20 48
0x00007ffb599b6577:   8b 1d 8b 34 01 00 48 85 db 74 16 e8 89 8f ff ff
0x00007ffb599b6587:   4c 8b 00 48 8b d3 48 8b c8 41 ff 90 b0 00 00 00
0x00007ffb599b6597:   90 48 83 c4 20 5b c3 cc cc 40 53 48 83 ec 20 48
0x00007ffb599b65a7:   8b 1d fb 35 01 00 48 85 db 74 57 b8 ff ff ff ff
0x00007ffb599b65b7:   f0 0f c1 43 10 83 f8 01 75 3d 48 85 db 74 38 48
0x00007ffb599b65c7:   8b 0b 48 85 c9 74 0d ff 15 d4 0c 00 00 48 c7 03
0x00007ffb599b65d7:   00 00 00 00 48 8b 4b 08 48 85 c9 74 0d e8 33 ce
0x00007ffb599b65e7:   ff ff 48 c7 43 08 00 00 00 00 ba 18 00 00 00 48
0x00007ffb599b65f7:   8b cb e8 1e ce ff ff 48 c7 05 9f 35 01 00 00 00
0x00007ffb599b6607:   00 00 48 83 c4 20 5b c3 cc 40 53 48 83 ec 20 48
0x00007ffb599b6617:   8b 1d 6b 35 01 00 48 85 db 74 57 b8 ff ff ff ff
0x00007ffb599b6627:   f0 0f c1 43 10 83 f8 01 75 3d 48 85 db 74 38 48
0x00007ffb599b6637:   8b 0b 48 85 c9 74 0d ff 15 64 0c 00 00 48 c7 03
0x00007ffb599b6647:   00 00 00 00 48 8b 4b 08 48 85 c9 74 0d e8 c3 cd
0x00007ffb599b6657:   ff ff 48 c7 43 08 00 00 00 00 ba 18 00 00 00 48
0x00007ffb599b6667:   8b cb e8 ae cd ff ff 48 c7 05 0f 35 01 00 00 00
0x00007ffb599b6677:   00 00 48 83 c4 20 5b c3 cc 40 53 48 83 ec 20 48 


Stack slot to memory mapping:

stack at sp + 0 slots: 0x0 is null
stack at sp + 1 slots: 0x0000025700000000 is an unknown value
stack at sp + 2 slots: 0x00000257f71274c0 points into unknown readable memory: 0x00000257f7127c40 | 40 7c 12 f7 57 02 00 00
stack at sp + 3 slots: 0x00007ffb59990000 points into unknown readable memory: 0x0000000300905a4d | 4d 5a 90 00 03 00 00 00
stack at sp + 4 slots: 0x00000257f71834f8 points into unknown readable memory: 0x000053c8f10ab16d | 6d b1 0a f1 c8 53 00 00
stack at sp + 5 slots: 0x00007ffb7409bc75 ucrtbase.dll
stack at sp + 6 slots: 0x00000257f71834f0 points into unknown readable memory: 0x673d53c8fef5da5e | 5e da f5 fe c8 53 3d 67
stack at sp + 7 slots: 0x0000025700000000 is an unknown value

VM_Operation (0x00000096b01fecd0): Exit, mode: safepoint, requested by thread 0x00000257fe80c8c0


---------------  P R O C E S S  ---------------

Threads class SMR info:
_java_thread_list=0x00000257f62897e0, length=25, elements={
0x000002579167af70, 0x00000257b0db67d0, 0x00000257b0db7420, 0x00000257b0dbac30,
0x00000257b0dbe3e0, 0x00000257b0dc20b0, 0x00000257b0dc2da0, 0x00000257b0dc3440,
0x00000257f60c4650, 0x00000257f684daf0, 0x00000257f6ad92d0, 0x00000257f6ed1670,
0x00000257f6dfd0b0, 0x00000257f7086800, 0x00000257f71ec6c0, 0x00000257f72394d0,
0x00000257f7357200, 0x00000257f733f5b0, 0x00000257f733e200, 0x00000257fdbb3e50,
0x00000257fdbb16f0, 0x00000257fdbb44e0, 0x00000257fdbb5200, 0x000002578010b2c0,
0x00000257fe80c8c0
}

Java Threads: ( => current thread )
  0x000002579167af70 JavaThread "main"                              [_thread_blocked, id=10964, stack(0x00000096b0400000,0x00000096b0500000) (1024K)]
  0x00000257b0db67d0 JavaThread "Reference Handler"          daemon [_thread_blocked, id=14552, stack(0x00000096b0c00000,0x00000096b0d00000) (1024K)]
  0x00000257b0db7420 JavaThread "Finalizer"                  daemon [_thread_blocked, id=11876, stack(0x00000096b0d00000,0x00000096b0e00000) (1024K)]
  0x00000257b0dbac30 JavaThread "Attach Listener"            daemon [_thread_blocked, id=13584, stack(0x00000096b0f00000,0x00000096b1000000) (1024K)]
  0x00000257b0dbe3e0 JavaThread "Service Thread"             daemon [_thread_blocked, id=15668, stack(0x00000096b1000000,0x00000096b1100000) (1024K)]
  0x00000257b0dc20b0 JavaThread "Monitor Deflation Thread"   daemon [_thread_blocked, id=12760, stack(0x00000096b1100000,0x00000096b1200000) (1024K)]
  0x00000257b0dc2da0 JavaThread "C2 CompilerThread0"         daemon [_thread_blocked, id=20152, stack(0x00000096b1200000,0x00000096b1300000) (1024K)]
  0x00000257b0dc3440 JavaThread "C1 CompilerThread0"         daemon [_thread_blocked, id=17856, stack(0x00000096b1300000,0x00000096b1400000) (1024K)]
  0x00000257f60c4650 JavaThread "Common-Cleaner"             daemon [_thread_blocked, id=10788, stack(0x00000096b1400000,0x00000096b1500000) (1024K)]
  0x00000257f684daf0 JavaThread "Monitor Ctrl-Break"         daemon [_thread_in_native, id=1692, stack(0x00000096b1700000,0x00000096b1800000) (1024K)]
  0x00000257f6ad92d0 JavaThread "Notification Thread"        daemon [_thread_blocked, id=11196, stack(0x00000096b1800000,0x00000096b1900000) (1024K)]
  0x00000257f6ed1670 JavaThread "QuantumRenderer-0"          daemon [_thread_blocked, id=5100, stack(0x00000096b1f00000,0x00000096b2000000) (1024K)]
  0x00000257f6dfd0b0 JavaThread "RMI TCP Accept-0"           daemon [_thread_in_native, id=17988, stack(0x00000096b2000000,0x00000096b2100000) (1024K)]
  0x00000257f7086800 JavaThread "RMI TCP Connection(1)-192.168.56.1" daemon [_thread_in_native, id=5588, stack(0x00000096b2100000,0x00000096b2200000) (1024K)]
  0x00000257f71ec6c0 JavaThread "RMI Scheduler(0)"           daemon [_thread_blocked, id=18960, stack(0x00000096b2200000,0x00000096b2300000) (1024K)]
  0x00000257f72394d0 JavaThread "JMX server connection timeout 33" daemon [_thread_blocked, id=21432, stack(0x00000096b2300000,0x00000096b2400000) (1024K)]
  0x00000257f7357200 JavaThread "InvokeLaterDispatcher"      daemon [_thread_blocked, id=13852, stack(0x00000096b2400000,0x00000096b2500000) (1024K)]
  0x00000257f733f5b0 JavaThread "JavaFX Application Thread"         [_thread_in_native, id=9160, stack(0x00000096b2500000,0x00000096b2600000) (1024K)]
  0x00000257f733e200 JavaThread "Thread-1"                   daemon [_thread_in_native, id=21456, stack(0x00000096b3500000,0x00000096b3600000) (1024K)]
  0x00000257fdbb3e50 JavaThread "PostgreSQL-JDBC-Cleaner"    daemon [_thread_blocked, id=4636, stack(0x00000096b3a00000,0x00000096b3b00000) (1024K)]
  0x00000257fdbb16f0 JavaThread "Hibernate Connection Pool Validation Thread" daemon [_thread_blocked, id=6112, stack(0x00000096b3b00000,0x00000096b3c00000) (1024K)]
  0x00000257fdbb44e0 JavaThread "JavaFX-Launcher"                   [_thread_blocked, id=8656, stack(0x00000096b3e00000,0x00000096b3f00000) (1024K)]
  0x00000257fdbb5200 JavaThread "Prism Font Disposer"        daemon [_thread_blocked, id=11640, stack(0x00000096b4200000,0x00000096b4300000) (1024K)]
  0x000002578010b2c0 JavaThread "Cleaner-0"                  daemon [_thread_blocked, id=19800, stack(0x00000096b4300000,0x00000096b4400000) (1024K)]
  0x00000257fe80c8c0 JavaThread "SIGINT handler"             daemon [_thread_blocked, id=22048, stack(0x00000096b0100000,0x00000096b0200000) (1024K)]
Total: 25

Other Threads:
=>0x00000257b0d9a0e0 VMThread "VM Thread"                           [id=3008, stack(0x00000096b0b00000,0x00000096b0c00000) (1024K)]
  0x00000257916e32f0 WorkerThread "GC Thread#0"                     [id=7884, stack(0x00000096b0500000,0x00000096b0600000) (1024K)]
  0x00000257f64c0850 WorkerThread "GC Thread#1"                     [id=3096, stack(0x00000096b1900000,0x00000096b1a00000) (1024K)]
  0x00000257f6ce0160 WorkerThread "GC Thread#2"                     [id=10452, stack(0x00000096b1a00000,0x00000096b1b00000) (1024K)]
  0x00000257f6ce0910 WorkerThread "GC Thread#3"                     [id=880, stack(0x00000096b1b00000,0x00000096b1c00000) (1024K)]
  0x00000257f6510b10 WorkerThread "GC Thread#4"                     [id=20792, stack(0x00000096b1c00000,0x00000096b1d00000) (1024K)]
  0x00000257f65112c0 WorkerThread "GC Thread#5"                     [id=21360, stack(0x00000096b1d00000,0x00000096b1e00000) (1024K)]
  0x00000257f67685a0 WorkerThread "GC Thread#6"                     [id=1848, stack(0x00000096b1e00000,0x00000096b1f00000) (1024K)]
  0x00000257fdb9fbc0 WorkerThread "GC Thread#7"                     [id=6668, stack(0x00000096b3600000,0x00000096b3700000) (1024K)]
  0x00000257fdb9ff60 WorkerThread "GC Thread#8"                     [id=17176, stack(0x00000096b3700000,0x00000096b3800000) (1024K)]
  0x00000257fdba18c0 WorkerThread "GC Thread#9"                     [id=20024, stack(0x00000096b3800000,0x00000096b3900000) (1024K)]
  0x00000257916f4130 ConcurrentGCThread "G1 Main Marker"            terminated
  0x00000257916f6650 WorkerThread "G1 Conc#0"                       [id=12412, stack(0x00000096b0700000,0x00000096b0800000) (1024K)]
  0x00000257fdba06a0 WorkerThread "G1 Conc#1"                       [id=10064, stack(0x00000096b3c00000,0x00000096b3d00000) (1024K)]
  0x00000257fdba0a40 WorkerThread "G1 Conc#2"                       [id=3736, stack(0x00000096b3d00000,0x00000096b3e00000) (1024K)]
  0x00000257b0c515e0 ConcurrentGCThread "G1 Refine#0"               terminated
  0x00000257b0c51ff0 ConcurrentGCThread "G1 Service"                terminated
Total: 17

Threads with active compile tasks:
Total: 0

VM state: at safepoint (shutting down)

VM Mutex/Monitor currently owned by a thread:  ([mutex/lock_event])
[0x00007ffb3bc3e320] Threads_lock - owner thread: 0x00000257b0d9a0e0
[0x00007ffb3bc3e420] Heap_lock - owner thread: 0x00000257fe80c8c0

Heap address: 0x0000000704a00000, size: 4022 MB, Compressed Oops mode: Zero based, Oop shift amount: 3

CDS archive(s) mapped at: [0x00000257b1000000-0x00000257b1c80000-0x00000257b1c80000), size 13107200, SharedBaseAddress: 0x00000257b1000000, ArchiveRelocationMode: 1.
Compressed class space mapped at: 0x00000257b2000000-0x00000257f2000000, reserved size: 1073741824
Narrow klass base: 0x00000257b1000000, Narrow klass shift: 0, Narrow klass range: 0x100000000

GC Precious Log:
 CardTable entry size: 512
 Card Set container configuration: InlinePtr #cards 4 size 8 Array Of Cards #cards 16 size 48 Howl #buckets 8 coarsen threshold 3686 Howl Bitmap #cards 512 size 80 coarsen threshold 460 Card regions per heap region 1 cards per card region 4096
 CPUs: 12 total, 12 available
 Memory: 16087M
 Large Page Support: Disabled
 NUMA Support: Disabled
 Compressed Oops: Enabled (Zero based)
 Heap Region Size: 2M
 Heap Min Capacity: 8M
 Heap Initial Capacity: 252M
 Heap Max Capacity: 4022M
 Pre-touch: Disabled
 Parallel Workers: 10
 Concurrent Workers: 3
 Concurrent Refinement Workers: 10
 Periodic GC: Disabled

Heap:
 garbage-first heap   total 157696K, used 48181K [0x0000000704a00000, 0x0000000800000000)
  region size 2048K, 15 young (30720K), 2 survivors (4096K)
 Metaspace       used 58252K, committed 58816K, reserved 1114112K
  class space    used 8178K, committed 8448K, reserved 1048576K

Heap Regions: E=young(eden), S=young(survivor), O=old, HS=humongous(starts), HC=humongous(continues), CS=collection set, F=free, TAMS=top-at-mark-start, PB=parsable bottom
|   0|0x0000000704a00000, 0x0000000704c00000, 0x0000000704c00000|100%| O|  |TAMS 0x0000000704a00000| PB 0x0000000704a00000| Untracked 
|   1|0x0000000704c00000, 0x0000000704e00000, 0x0000000704e00000|100%| O|  |TAMS 0x0000000704c00000| PB 0x0000000704c00000| Untracked 
|   2|0x0000000704e00000, 0x0000000705000000, 0x0000000705000000|100%| O|  |TAMS 0x0000000704e00000| PB 0x0000000704e00000| Untracked 
|   3|0x0000000705000000, 0x0000000705200000, 0x0000000705200000|100%| O|  |TAMS 0x0000000705000000| PB 0x0000000705000000| Untracked 
|   4|0x0000000705200000, 0x0000000705400000, 0x0000000705400000|100%| O|  |TAMS 0x0000000705200000| PB 0x0000000705200000| Untracked 
|   5|0x0000000705400000, 0x0000000705600000, 0x0000000705600000|100%| O|  |TAMS 0x0000000705400000| PB 0x0000000705400000| Untracked 
|   6|0x0000000705600000, 0x0000000705800000, 0x0000000705800000|100%| O|  |TAMS 0x0000000705600000| PB 0x0000000705600000| Untracked 
|   7|0x0000000705800000, 0x0000000705a00000, 0x0000000705a00000|100%| O|  |TAMS 0x0000000705800000| PB 0x0000000705800000| Untracked 
|   8|0x0000000705a00000, 0x0000000705c00000, 0x0000000705c00000|100%|HS|  |TAMS 0x0000000705a00000| PB 0x0000000705a00000| Complete 
|   9|0x0000000705c00000, 0x0000000705e00000, 0x0000000705e00000|100%| O|  |TAMS 0x0000000705c00000| PB 0x0000000705c00000| Untracked 
|  10|0x0000000705e00000, 0x0000000706000000, 0x0000000706000000|100%| O|  |TAMS 0x0000000705e00000| PB 0x0000000705e00000| Untracked 
|  11|0x0000000706000000, 0x0000000706000000, 0x0000000706200000|  0%| F|  |TAMS 0x0000000706000000| PB 0x0000000706000000| Untracked 
|  12|0x0000000706200000, 0x0000000706200000, 0x0000000706400000|  0%| F|  |TAMS 0x0000000706200000| PB 0x0000000706200000| Untracked 
|  13|0x0000000706400000, 0x0000000706457ab0, 0x0000000706600000| 17%| O|  |TAMS 0x0000000706400000| PB 0x0000000706400000| Untracked 
|  14|0x0000000706600000, 0x0000000706800000, 0x0000000706800000|100%| S|CS|TAMS 0x0000000706600000| PB 0x0000000706600000| Complete 
|  15|0x0000000706800000, 0x0000000706800000, 0x0000000706a00000|  0%| F|  |TAMS 0x0000000706800000| PB 0x0000000706800000| Untracked 
|  16|0x0000000706a00000, 0x0000000706a00000, 0x0000000706c00000|  0%| F|  |TAMS 0x0000000706a00000| PB 0x0000000706a00000| Untracked 
|  17|0x0000000706c00000, 0x0000000706c00000, 0x0000000706e00000|  0%| F|  |TAMS 0x0000000706c00000| PB 0x0000000706c00000| Untracked 
|  18|0x0000000706e00000, 0x0000000706e00000, 0x0000000707000000|  0%| F|  |TAMS 0x0000000706e00000| PB 0x0000000706e00000| Untracked 
|  19|0x0000000707000000, 0x0000000707000000, 0x0000000707200000|  0%| F|  |TAMS 0x0000000707000000| PB 0x0000000707000000| Untracked 
|  20|0x0000000707200000, 0x0000000707200000, 0x0000000707400000|  0%| F|  |TAMS 0x0000000707200000| PB 0x0000000707200000| Untracked 
|  21|0x0000000707400000, 0x0000000707400000, 0x0000000707600000|  0%| F|  |TAMS 0x0000000707400000| PB 0x0000000707400000| Untracked 
|  22|0x0000000707600000, 0x0000000707600000, 0x0000000707800000|  0%| F|  |TAMS 0x0000000707600000| PB 0x0000000707600000| Untracked 
|  23|0x0000000707800000, 0x0000000707800000, 0x0000000707a00000|  0%| F|  |TAMS 0x0000000707800000| PB 0x0000000707800000| Untracked 
|  24|0x0000000707a00000, 0x0000000707a00000, 0x0000000707c00000|  0%| F|  |TAMS 0x0000000707a00000| PB 0x0000000707a00000| Untracked 
|  25|0x0000000707c00000, 0x0000000707cb5d10, 0x0000000707e00000| 35%| S|CS|TAMS 0x0000000707c00000| PB 0x0000000707c00000| Complete 
|  26|0x0000000707e00000, 0x0000000707e00000, 0x0000000708000000|  0%| F|  |TAMS 0x0000000707e00000| PB 0x0000000707e00000| Untracked 
|  27|0x0000000708000000, 0x0000000708000000, 0x0000000708200000|  0%| F|  |TAMS 0x0000000708000000| PB 0x0000000708000000| Untracked 
|  28|0x0000000708200000, 0x0000000708200000, 0x0000000708400000|  0%| F|  |TAMS 0x0000000708200000| PB 0x0000000708200000| Untracked 
|  29|0x0000000708400000, 0x0000000708400000, 0x0000000708600000|  0%| F|  |TAMS 0x0000000708400000| PB 0x0000000708400000| Untracked 
|  30|0x0000000708600000, 0x0000000708600000, 0x0000000708800000|  0%| F|  |TAMS 0x0000000708600000| PB 0x0000000708600000| Untracked 
|  31|0x0000000708800000, 0x0000000708800000, 0x0000000708a00000|  0%| F|  |TAMS 0x0000000708800000| PB 0x0000000708800000| Untracked 
|  32|0x0000000708a00000, 0x0000000708a00000, 0x0000000708c00000|  0%| F|  |TAMS 0x0000000708a00000| PB 0x0000000708a00000| Untracked 
|  33|0x0000000708c00000, 0x0000000708c00000, 0x0000000708e00000|  0%| F|  |TAMS 0x0000000708c00000| PB 0x0000000708c00000| Untracked 
|  34|0x0000000708e00000, 0x0000000708e00000, 0x0000000709000000|  0%| F|  |TAMS 0x0000000708e00000| PB 0x0000000708e00000| Untracked 
|  35|0x0000000709000000, 0x0000000709000000, 0x0000000709200000|  0%| F|  |TAMS 0x0000000709000000| PB 0x0000000709000000| Untracked 
|  36|0x0000000709200000, 0x0000000709200000, 0x0000000709400000|  0%| F|  |TAMS 0x0000000709200000| PB 0x0000000709200000| Untracked 
|  37|0x0000000709400000, 0x0000000709400000, 0x0000000709600000|  0%| F|  |TAMS 0x0000000709400000| PB 0x0000000709400000| Untracked 
|  38|0x0000000709600000, 0x0000000709600000, 0x0000000709800000|  0%| F|  |TAMS 0x0000000709600000| PB 0x0000000709600000| Untracked 
|  39|0x0000000709800000, 0x0000000709800000, 0x0000000709a00000|  0%| F|  |TAMS 0x0000000709800000| PB 0x0000000709800000| Untracked 
|  40|0x0000000709a00000, 0x0000000709a00000, 0x0000000709c00000|  0%| F|  |TAMS 0x0000000709a00000| PB 0x0000000709a00000| Untracked 
|  41|0x0000000709c00000, 0x0000000709c00000, 0x0000000709e00000|  0%| F|  |TAMS 0x0000000709c00000| PB 0x0000000709c00000| Untracked 
|  42|0x0000000709e00000, 0x0000000709e00000, 0x000000070a000000|  0%| F|  |TAMS 0x0000000709e00000| PB 0x0000000709e00000| Untracked 
|  43|0x000000070a000000, 0x000000070a000000, 0x000000070a200000|  0%| F|  |TAMS 0x000000070a000000| PB 0x000000070a000000| Untracked 
|  44|0x000000070a200000, 0x000000070a200000, 0x000000070a400000|  0%| F|  |TAMS 0x000000070a200000| PB 0x000000070a200000| Untracked 
|  45|0x000000070a400000, 0x000000070a400000, 0x000000070a600000|  0%| F|  |TAMS 0x000000070a400000| PB 0x000000070a400000| Untracked 
|  46|0x000000070a600000, 0x000000070a600000, 0x000000070a800000|  0%| F|  |TAMS 0x000000070a600000| PB 0x000000070a600000| Untracked 
|  47|0x000000070a800000, 0x000000070a800000, 0x000000070aa00000|  0%| F|  |TAMS 0x000000070a800000| PB 0x000000070a800000| Untracked 
|  48|0x000000070aa00000, 0x000000070aa00000, 0x000000070ac00000|  0%| F|  |TAMS 0x000000070aa00000| PB 0x000000070aa00000| Untracked 
|  49|0x000000070ac00000, 0x000000070ac00000, 0x000000070ae00000|  0%| F|  |TAMS 0x000000070ac00000| PB 0x000000070ac00000| Untracked 
|  50|0x000000070ae00000, 0x000000070ae00000, 0x000000070b000000|  0%| F|  |TAMS 0x000000070ae00000| PB 0x000000070ae00000| Untracked 
|  51|0x000000070b000000, 0x000000070b000000, 0x000000070b200000|  0%| F|  |TAMS 0x000000070b000000| PB 0x000000070b000000| Untracked 
|  52|0x000000070b200000, 0x000000070b200000, 0x000000070b400000|  0%| F|  |TAMS 0x000000070b200000| PB 0x000000070b200000| Untracked 
|  53|0x000000070b400000, 0x000000070b400000, 0x000000070b600000|  0%| F|  |TAMS 0x000000070b400000| PB 0x000000070b400000| Untracked 
|  54|0x000000070b600000, 0x000000070b600000, 0x000000070b800000|  0%| F|  |TAMS 0x000000070b600000| PB 0x000000070b600000| Untracked 
|  55|0x000000070b800000, 0x000000070b800000, 0x000000070ba00000|  0%| F|  |TAMS 0x000000070b800000| PB 0x000000070b800000| Untracked 
|  56|0x000000070ba00000, 0x000000070ba00000, 0x000000070bc00000|  0%| F|  |TAMS 0x000000070ba00000| PB 0x000000070ba00000| Untracked 
|  57|0x000000070bc00000, 0x000000070bc00000, 0x000000070be00000|  0%| F|  |TAMS 0x000000070bc00000| PB 0x000000070bc00000| Untracked 
|  58|0x000000070be00000, 0x000000070be00000, 0x000000070c000000|  0%| F|  |TAMS 0x000000070be00000| PB 0x000000070be00000| Untracked 
|  59|0x000000070c000000, 0x000000070c000000, 0x000000070c200000|  0%| F|  |TAMS 0x000000070c000000| PB 0x000000070c000000| Untracked 
|  60|0x000000070c200000, 0x000000070c200000, 0x000000070c400000|  0%| F|  |TAMS 0x000000070c200000| PB 0x000000070c200000| Untracked 
|  61|0x000000070c400000, 0x000000070c400000, 0x000000070c600000|  0%| F|  |TAMS 0x000000070c400000| PB 0x000000070c400000| Untracked 
|  62|0x000000070c600000, 0x000000070c600000, 0x000000070c800000|  0%| F|  |TAMS 0x000000070c600000| PB 0x000000070c600000| Untracked 
|  63|0x000000070c800000, 0x000000070c800000, 0x000000070ca00000|  0%| F|  |TAMS 0x000000070c800000| PB 0x000000070c800000| Untracked 
|  64|0x000000070ca00000, 0x000000070cc00000, 0x000000070cc00000|100%| E|  |TAMS 0x000000070ca00000| PB 0x000000070ca00000| Complete 
|  65|0x000000070cc00000, 0x000000070ce00000, 0x000000070ce00000|100%| E|CS|TAMS 0x000000070cc00000| PB 0x000000070cc00000| Complete 
|  66|0x000000070ce00000, 0x000000070d000000, 0x000000070d000000|100%| E|CS|TAMS 0x000000070ce00000| PB 0x000000070ce00000| Complete 
|  67|0x000000070d000000, 0x000000070d200000, 0x000000070d200000|100%| E|CS|TAMS 0x000000070d000000| PB 0x000000070d000000| Complete 
|  68|0x000000070d200000, 0x000000070d400000, 0x000000070d400000|100%| E|  |TAMS 0x000000070d200000| PB 0x000000070d200000| Complete 
|  69|0x000000070d400000, 0x000000070d600000, 0x000000070d600000|100%| E|CS|TAMS 0x000000070d400000| PB 0x000000070d400000| Complete 
|  70|0x000000070d600000, 0x000000070d800000, 0x000000070d800000|100%| E|CS|TAMS 0x000000070d600000| PB 0x000000070d600000| Complete 
|  71|0x000000070d800000, 0x000000070da00000, 0x000000070da00000|100%| E|CS|TAMS 0x000000070d800000| PB 0x000000070d800000| Complete 
|  72|0x000000070da00000, 0x000000070dc00000, 0x000000070dc00000|100%| E|CS|TAMS 0x000000070da00000| PB 0x000000070da00000| Complete 
|  73|0x000000070dc00000, 0x000000070de00000, 0x000000070de00000|100%| E|CS|TAMS 0x000000070dc00000| PB 0x000000070dc00000| Complete 
|  74|0x000000070de00000, 0x000000070e000000, 0x000000070e000000|100%| E|CS|TAMS 0x000000070de00000| PB 0x000000070de00000| Complete 
|  75|0x000000070e000000, 0x000000070e200000, 0x000000070e200000|100%| E|CS|TAMS 0x000000070e000000| PB 0x000000070e000000| Complete 
| 125|0x0000000714400000, 0x0000000714600000, 0x0000000714600000|100%| E|CS|TAMS 0x0000000714400000| PB 0x0000000714400000| Complete 

Card table byte_map: [0x00000257a9a90000,0x00000257aa270000] _byte_map_base: 0x00000257a626b000

Marking Bits: (CMBitMap*) 0x00000257916e39f0
 Bits: [0x00000257aa270000, 0x00000257ae148000)

Polling page: 0x0000025790c80000

Metaspace:

Usage:
  Non-class:     48.90 MB used.
      Class:      7.99 MB used.
       Both:     56.89 MB used.

Virtual space:
  Non-class space:       64.00 MB reserved,      49.19 MB ( 77%) committed,  1 nodes.
      Class space:        1.00 GB reserved,       8.25 MB ( <1%) committed,  1 nodes.
             Both:        1.06 GB reserved,      57.44 MB (  5%) committed. 

Chunk freelists:
   Non-Class:  14.71 MB
       Class:  7.66 MB
        Both:  22.37 MB

MaxMetaspaceSize: unlimited
CompressedClassSpaceSize: 1.00 GB
Initial GC threshold: 21.00 MB
Current GC threshold: 58.75 MB
CDS: on
 - commit_granule_bytes: 65536.
 - commit_granule_words: 8192.
 - virtual_space_node_default_size: 8388608.
 - enlarge_chunks_in_place: 1.
 - use_allocation_guard: 0.


Internal statistics:

num_allocs_failed_limit: 6.
num_arena_births: 712.
num_arena_deaths: 0.
num_vsnodes_births: 2.
num_vsnodes_deaths: 0.
num_space_committed: 919.
num_space_uncommitted: 0.
num_chunks_returned_to_freelist: 6.
num_chunks_taken_from_freelist: 2652.
num_chunk_merges: 6.
num_chunk_splits: 1866.
num_chunks_enlarged: 1421.
num_inconsistent_stats: 0.

CodeHeap 'non-profiled nmethods': size=120000Kb used=3307Kb max_used=3307Kb free=116692Kb
 bounds [0x00000257a1830000, 0x00000257a1b70000, 0x00000257a8d60000]
CodeHeap 'profiled nmethods': size=120000Kb used=12780Kb max_used=12780Kb free=107219Kb
 bounds [0x0000025799d60000, 0x000002579a9e0000, 0x00000257a1290000]
CodeHeap 'non-nmethods': size=5760Kb used=2081Kb max_used=2131Kb free=3678Kb
 bounds [0x00000257a1290000, 0x00000257a1500000, 0x00000257a1830000]
 total_blobs=7427 nmethods=6394 adapters=936
 compilation: enabled
              stopped_count=0, restarted_count=0
 full_count=0

Compilation events (20 events):
Event: 70.074 Thread 0x00000257b0dc3440 6758       3       javax.management.ObjectName::addProperty (80 bytes)
Event: 70.074 Thread 0x00000257b0dc3440 nmethod 6758 0x000002579a9d5990 code [0x000002579a9d5bc0, 0x000002579a9d63b0]
Event: 70.074 Thread 0x00000257b0dc3440 6759       3       javax.management.ObjectName::setCanonicalName (251 bytes)
Event: 70.075 Thread 0x00000257b0dc3440 nmethod 6759 0x000002579a9d6610 code [0x000002579a9d68a0, 0x000002579a9d7880]
Event: 71.113 Thread 0x00000257b0dc3440 6760       3       java.io.ObjectOutputStream$HandleTable::growEntries (58 bytes)
Event: 71.113 Thread 0x00000257b0dc3440 nmethod 6760 0x000002579a9d7e90 code [0x000002579a9d8060, 0x000002579a9d8500]
Event: 72.140 Thread 0x00000257b0dc3440 6761       3       java.io.ObjectInputStream::readByte (8 bytes)
Event: 72.140 Thread 0x00000257b0dc3440 nmethod 6761 0x000002579a9d8690 code [0x000002579a9d8860, 0x000002579a9d8b10]
Event: 72.141 Thread 0x00000257b0dc3440 6762       3       java.io.ObjectInputStream::readUTF (8 bytes)
Event: 72.141 Thread 0x00000257b0dc3440 nmethod 6762 0x000002579a9d8c90 code [0x000002579a9d8e60, 0x000002579a9d9068]
Event: 73.710 Thread 0x00000257b0dc3440 6763       3       java.util.logging.Logger$ConfigurationData::<init> (36 bytes)
Event: 73.710 Thread 0x00000257b0dc3440 nmethod 6763 0x000002579a9d9190 code [0x000002579a9d9360, 0x000002579a9d9928]
Event: 73.711 Thread 0x00000257b0dc3440 6764       3       java.util.concurrent.ConcurrentHashMap$KeyIterator::next (34 bytes)
Event: 73.711 Thread 0x00000257b0dc3440 nmethod 6764 0x000002579a9d9a90 code [0x000002579a9d9c60, 0x000002579a9d9f30]
Event: 73.711 Thread 0x00000257b0dc3440 6765       3       java.util.logging.Logger::getHandlers (5 bytes)
Event: 73.711 Thread 0x00000257b0dc3440 nmethod 6765 0x000002579a9da090 code [0x000002579a9da240, 0x000002579a9da408]
Event: 73.711 Thread 0x00000257b0dc3440 6766       3       java.util.logging.Logger::accessCheckedHandlers (17 bytes)
Event: 73.711 Thread 0x00000257b0dc3440 nmethod 6766 0x000002579a9da490 code [0x000002579a9da640, 0x000002579a9da918]
Event: 73.711 Thread 0x00000257b0dc3440 6767       3       java.util.logging.Logger::checkPermission (29 bytes)
Event: 73.712 Thread 0x00000257b0dc3440 nmethod 6767 0x000002579a9daa10 code [0x000002579a9dac00, 0x000002579a9daff8]

GC Heap History (20 events):
Event: 0.199 GC heap before
{Heap before GC invocations=0 (full 0):
 garbage-first heap   total 258048K, used 20480K [0x0000000704a00000, 0x0000000800000000)
  region size 2048K, 11 young (22528K), 0 survivors (0K)
 Metaspace       used 2524K, committed 2624K, reserved 1114112K
  class space    used 273K, committed 320K, reserved 1048576K
}
Event: 0.202 GC heap after
{Heap after GC invocations=1 (full 0):
 garbage-first heap   total 258048K, used 4215K [0x0000000704a00000, 0x0000000800000000)
  region size 2048K, 2 young (4096K), 2 survivors (4096K)
 Metaspace       used 2524K, committed 2624K, reserved 1114112K
  class space    used 273K, committed 320K, reserved 1048576K
}
Event: 0.704 GC heap before
{Heap before GC invocations=1 (full 0):
 garbage-first heap   total 258048K, used 34935K [0x0000000704a00000, 0x0000000800000000)
  region size 2048K, 18 young (36864K), 2 survivors (4096K)
 Metaspace       used 13756K, committed 14080K, reserved 1114112K
  class space    used 1564K, committed 1728K, reserved 1048576K
}
Event: 0.709 GC heap after
{Heap after GC invocations=2 (full 0):
 garbage-first heap   total 258048K, used 7749K [0x0000000704a00000, 0x0000000800000000)
  region size 2048K, 2 young (4096K), 2 survivors (4096K)
 Metaspace       used 13756K, committed 14080K, reserved 1114112K
  class space    used 1564K, committed 1728K, reserved 1048576K
}
Event: 1.141 GC heap before
{Heap before GC invocations=2 (full 0):
 garbage-first heap   total 258048K, used 30277K [0x0000000704a00000, 0x0000000800000000)
  region size 2048K, 14 young (28672K), 2 survivors (4096K)
 Metaspace       used 21221K, committed 21504K, reserved 1114112K
  class space    used 2488K, committed 2624K, reserved 1048576K
}
Event: 1.144 GC heap after
{Heap after GC invocations=3 (full 0):
 garbage-first heap   total 258048K, used 9760K [0x0000000704a00000, 0x0000000800000000)
  region size 2048K, 3 young (6144K), 3 survivors (6144K)
 Metaspace       used 21221K, committed 21504K, reserved 1114112K
  class space    used 2488K, committed 2624K, reserved 1048576K
}
Event: 1.385 GC heap before
{Heap before GC invocations=4 (full 0):
 garbage-first heap   total 40960K, used 38432K [0x0000000704a00000, 0x0000000800000000)
  region size 2048K, 17 young (34816K), 3 survivors (6144K)
 Metaspace       used 26647K, committed 27072K, reserved 1114112K
  class space    used 3238K, committed 3456K, reserved 1048576K
}
Event: 1.389 GC heap after
{Heap after GC invocations=5 (full 0):
 garbage-first heap   total 49152K, used 10932K [0x0000000704a00000, 0x0000000800000000)
  region size 2048K, 4 young (8192K), 4 survivors (8192K)
 Metaspace       used 26647K, committed 27072K, reserved 1114112K
  class space    used 3238K, committed 3456K, reserved 1048576K
}
Event: 1.516 GC heap before
{Heap before GC invocations=5 (full 0):
 garbage-first heap   total 49152K, used 31412K [0x0000000704a00000, 0x0000000800000000)
  region size 2048K, 14 young (28672K), 4 survivors (8192K)
 Metaspace       used 31174K, committed 31616K, reserved 1114112K
  class space    used 3942K, committed 4160K, reserved 1048576K
}
Event: 1.520 GC heap after
{Heap after GC invocations=6 (full 0):
 garbage-first heap   total 49152K, used 11503K [0x0000000704a00000, 0x0000000800000000)
  region size 2048K, 1 young (2048K), 1 survivors (2048K)
 Metaspace       used 31174K, committed 31616K, reserved 1114112K
  class space    used 3942K, committed 4160K, reserved 1048576K
}
Event: 1.702 GC heap before
{Heap before GC invocations=6 (full 0):
 garbage-first heap   total 49152K, used 27887K [0x0000000704a00000, 0x0000000800000000)
  region size 2048K, 10 young (20480K), 1 survivors (2048K)
 Metaspace       used 35609K, committed 35968K, reserved 1114112K
  class space    used 4622K, committed 4800K, reserved 1048576K
}
Event: 1.704 GC heap after
{Heap after GC invocations=7 (full 0):
 garbage-first heap   total 153600K, used 12053K [0x0000000704a00000, 0x0000000800000000)
  region size 2048K, 2 young (4096K), 2 survivors (4096K)
 Metaspace       used 35609K, committed 35968K, reserved 1114112K
  class space    used 4622K, committed 4800K, reserved 1048576K
}
Event: 1.998 GC heap before
{Heap before GC invocations=8 (full 0):
 garbage-first heap   total 49152K, used 44821K [0x0000000704a00000, 0x0000000800000000)
  region size 2048K, 19 young (38912K), 2 survivors (4096K)
 Metaspace       used 41384K, committed 41856K, reserved 1114112K
  class space    used 5601K, committed 5824K, reserved 1048576K
}
Event: 2.001 GC heap after
{Heap after GC invocations=9 (full 0):
 garbage-first heap   total 53248K, used 13067K [0x0000000704a00000, 0x0000000800000000)
  region size 2048K, 2 young (4096K), 2 survivors (4096K)
 Metaspace       used 41384K, committed 41856K, reserved 1114112K
  class space    used 5601K, committed 5824K, reserved 1048576K
}
Event: 2.262 GC heap before
{Heap before GC invocations=9 (full 0):
 garbage-first heap   total 53248K, used 39691K [0x0000000704a00000, 0x0000000800000000)
  region size 2048K, 15 young (30720K), 2 survivors (4096K)
 Metaspace       used 46374K, committed 46912K, reserved 1114112K
  class space    used 6423K, committed 6656K, reserved 1048576K
}
Event: 2.266 GC heap after
{Heap after GC invocations=10 (full 0):
 garbage-first heap   total 53248K, used 15787K [0x0000000704a00000, 0x0000000800000000)
  region size 2048K, 2 young (4096K), 2 survivors (4096K)
 Metaspace       used 46374K, committed 46912K, reserved 1114112K
  class space    used 6423K, committed 6656K, reserved 1048576K
}
Event: 2.508 GC heap before
{Heap before GC invocations=10 (full 0):
 garbage-first heap   total 53248K, used 40363K [0x0000000704a00000, 0x0000000800000000)
  region size 2048K, 15 young (30720K), 2 survivors (4096K)
 Metaspace       used 50849K, committed 51328K, reserved 1114112K
  class space    used 7002K, committed 7232K, reserved 1048576K
}
Event: 2.510 GC heap after
{Heap after GC invocations=11 (full 0):
 garbage-first heap   total 53248K, used 20432K [0x0000000704a00000, 0x0000000800000000)
  region size 2048K, 2 young (4096K), 2 survivors (4096K)
 Metaspace       used 50849K, committed 51328K, reserved 1114112K
  class space    used 7002K, committed 7232K, reserved 1048576K
}
Event: 2.808 GC heap before
{Heap before GC invocations=11 (full 0):
 garbage-first heap   total 53248K, used 45008K [0x0000000704a00000, 0x0000000800000000)
  region size 2048K, 13 young (26624K), 2 survivors (4096K)
 Metaspace       used 54591K, committed 55104K, reserved 1114112K
  class space    used 7586K, committed 7808K, reserved 1048576K
}
Event: 2.810 GC heap after
{Heap after GC invocations=12 (full 0):
 garbage-first heap   total 157696K, used 25653K [0x0000000704a00000, 0x0000000800000000)
  region size 2048K, 2 young (4096K), 2 survivors (4096K)
 Metaspace       used 54591K, committed 55104K, reserved 1114112K
  class space    used 7586K, committed 7808K, reserved 1048576K
}

Dll operation events (20 events):
Event: 0.301 Loaded shared library C:\Users\bkiin\.openjfx\cache\21+31\amd64\api-ms-win-crt-math-l1-1-0.dll
Event: 0.304 Loaded shared library C:\Users\bkiin\.openjfx\cache\21+31\amd64\api-ms-win-crt-multibyte-l1-1-0.dll
Event: 0.307 Loaded shared library C:\Users\bkiin\.openjfx\cache\21+31\amd64\api-ms-win-crt-private-l1-1-0.dll
Event: 0.309 Loaded shared library C:\Users\bkiin\.openjfx\cache\21+31\amd64\api-ms-win-crt-process-l1-1-0.dll
Event: 0.312 Loaded shared library C:\Users\bkiin\.openjfx\cache\21+31\amd64\api-ms-win-crt-runtime-l1-1-0.dll
Event: 0.315 Loaded shared library C:\Users\bkiin\.openjfx\cache\21+31\amd64\api-ms-win-crt-stdio-l1-1-0.dll
Event: 0.318 Loaded shared library C:\Users\bkiin\.openjfx\cache\21+31\amd64\api-ms-win-crt-string-l1-1-0.dll
Event: 0.320 Loaded shared library C:\Users\bkiin\.openjfx\cache\21+31\amd64\api-ms-win-crt-time-l1-1-0.dll
Event: 0.323 Loaded shared library C:\Users\bkiin\.openjfx\cache\21+31\amd64\api-ms-win-crt-utility-l1-1-0.dll
Event: 0.334 Loaded shared library C:\Users\bkiin\.openjfx\cache\21+31\amd64\ucrtbase.dll
Event: 0.336 Loaded shared library C:\Users\bkiin\.openjfx\cache\21+31\amd64\vcruntime140.dll
Event: 0.339 Loaded shared library C:\Users\bkiin\.openjfx\cache\21+31\amd64\vcruntime140_1.dll
Event: 0.345 Loaded shared library C:\Users\bkiin\.openjfx\cache\21+31\amd64\msvcp140.dll
Event: 0.348 Loaded shared library C:\Users\bkiin\.openjfx\cache\21+31\amd64\msvcp140_1.dll
Event: 0.352 Loaded shared library C:\Users\bkiin\.openjfx\cache\21+31\amd64\msvcp140_2.dll
Event: 0.383 Loaded shared library C:\Users\bkiin\.openjfx\cache\21+31\amd64\prism_d3d.dll
Event: 0.453 Loaded shared library C:\Users\bkiin\.openjfx\cache\21+31\amd64\glass.dll
Event: 1.053 Loaded shared library C:\Users\bkiin\.jdks\corretto-21.0.6\bin\sunmscapi.dll
Event: 1.344 Loaded shared library C:\Users\bkiin\.jdks\corretto-21.0.6\bin\verify.dll
Event: 2.067 Loaded shared library C:\Users\bkiin\.openjfx\cache\21+31\amd64\javafx_font.dll

Deoptimization events (20 events):
Event: 6.908 Thread 0x00000257f733f5b0 Uncommon trap: trap_request=0xffffffde fr.pc=0x00000257a1ace74c relative=0x000000000000010c
Event: 6.908 Thread 0x00000257f733f5b0 Uncommon trap: reason=class_check action=maybe_recompile pc=0x00000257a1ace74c method=javafx.scene.Scene.getWindow()Ljavafx/stage/Window; @ 18 c2
Event: 6.908 Thread 0x00000257f733f5b0 DEOPT PACKING pc=0x00000257a1ace74c sp=0x00000096b25f9300
Event: 6.908 Thread 0x00000257f733f5b0 DEOPT UNPACKING pc=0x00000257a12e46a2 sp=0x00000096b25f9230 mode 2
Event: 6.908 Thread 0x00000257f733f5b0 Uncommon trap: trap_request=0xffffffde fr.pc=0x00000257a1ace74c relative=0x000000000000010c
Event: 6.908 Thread 0x00000257f733f5b0 Uncommon trap: reason=class_check action=maybe_recompile pc=0x00000257a1ace74c method=javafx.scene.Scene.getWindow()Ljavafx/stage/Window; @ 18 c2
Event: 6.908 Thread 0x00000257f733f5b0 DEOPT PACKING pc=0x00000257a1ace74c sp=0x00000096b25f99b0
Event: 6.908 Thread 0x00000257f733f5b0 DEOPT UNPACKING pc=0x00000257a12e46a2 sp=0x00000096b25f98e0 mode 2
Event: 6.908 Thread 0x00000257f733f5b0 Uncommon trap: trap_request=0xffffffde fr.pc=0x00000257a1ace74c relative=0x000000000000010c
Event: 6.908 Thread 0x00000257f733f5b0 Uncommon trap: reason=class_check action=maybe_recompile pc=0x00000257a1ace74c method=javafx.scene.Scene.getWindow()Ljavafx/stage/Window; @ 18 c2
Event: 6.908 Thread 0x00000257f733f5b0 DEOPT PACKING pc=0x00000257a1ace74c sp=0x00000096b25f99a0
Event: 6.908 Thread 0x00000257f733f5b0 DEOPT UNPACKING pc=0x00000257a12e46a2 sp=0x00000096b25f98d0 mode 2
Event: 6.908 Thread 0x00000257f733f5b0 Uncommon trap: trap_request=0xffffff45 fr.pc=0x00000257a1ade7d4 relative=0x00000000000000f4
Event: 6.908 Thread 0x00000257f733f5b0 Uncommon trap: reason=unstable_if action=reinterpret pc=0x00000257a1ade7d4 method=java.lang.Double.isInfinite(D)Z @ 8 c2
Event: 6.908 Thread 0x00000257f733f5b0 DEOPT PACKING pc=0x00000257a1ade7d4 sp=0x00000096b25f9970
Event: 6.908 Thread 0x00000257f733f5b0 DEOPT UNPACKING pc=0x00000257a12e46a2 sp=0x00000096b25f9888 mode 2
Event: 7.404 Thread 0x00000257f733f5b0 Uncommon trap: trap_request=0xffffff45 fr.pc=0x00000257a1b39bc8 relative=0x0000000000000808
Event: 7.404 Thread 0x00000257f733f5b0 Uncommon trap: reason=unstable_if action=reinterpret pc=0x00000257a1b39bc8 method=javafx.scene.Parent.getOrderedChildren()Ljava/util/List; @ 7 c2
Event: 7.404 Thread 0x00000257f733f5b0 DEOPT PACKING pc=0x00000257a1b39bc8 sp=0x00000096b25f8c10
Event: 7.404 Thread 0x00000257f733f5b0 DEOPT UNPACKING pc=0x00000257a12e46a2 sp=0x00000096b25f8a50 mode 2

Classes loaded (20 events):
Event: 2.804 Loading class java/nio/DirectFloatBufferU
Event: 2.804 Loading class java/nio/DirectFloatBufferU done
Event: 2.811 Loading class java/lang/FdLibm$Hypot
Event: 2.811 Loading class java/lang/FdLibm$Hypot done
Event: 2.811 Loading class java/lang/FdLibm
Event: 2.811 Loading class java/lang/FdLibm done
Event: 2.826 Loading class java/lang/FdLibm$Acos
Event: 2.826 Loading class java/lang/FdLibm$Acos done
Event: 2.840 Loading class java/lang/FdLibm$Atan2
Event: 2.840 Loading class java/lang/FdLibm$Atan2 done
Event: 6.882 Loading class java/lang/invoke/WrongMethodTypeException
Event: 6.882 Loading class java/lang/invoke/WrongMethodTypeException done
Event: 6.882 Loading class jdk/internal/reflect/AccessorUtils
Event: 6.882 Loading class jdk/internal/reflect/AccessorUtils done
Event: 6.882 Loading class java/lang/Throwable$WrappedPrintStream
Event: 6.882 Loading class java/lang/Throwable$PrintStreamOrWriter
Event: 6.882 Loading class java/lang/Throwable$PrintStreamOrWriter done
Event: 6.882 Loading class java/lang/Throwable$WrappedPrintStream done
Event: 73.709 Loading class jdk/internal/misc/Signal$1
Event: 73.710 Loading class jdk/internal/misc/Signal$1 done

Classes unloaded (0 events):
No events

Classes redefined (0 events):
No events

Internal exceptions (20 events):
Event: 2.300 Thread 0x00000257f733f5b0 Exception <a 'java/lang/NoSuchMethodError'{0x0000000707bb4fe8}: 'java.lang.Object java.lang.invoke.Invokers$Holder.linkToTargetMethod(java.lang.Object, java.lang.Object, java.lang.Object, int, java.lang.Object)'> (0x0000000707bb4fe8) 
thrown [s\src\hotspot\share\interpreter\linkResolver.cpp, line 773]
Event: 2.353 Thread 0x00000257f733f5b0 Exception <a 'java/lang/NoSuchMethodError'{0x0000000707341d78}: 'void java.lang.invoke.DirectMethodHandle$Holder.invokeInterface(java.lang.Object, java.lang.Object, java.lang.Object, java.lang.Object)'> (0x0000000707341d78) 
thrown [s\src\hotspot\share\interpreter\linkResolver.cpp, line 773]
Event: 2.364 Thread 0x00000257f733f5b0 Exception <a 'java/lang/NoSuchMethodError'{0x000000070701dee8}: 'void java.lang.invoke.Invokers$Holder.invokeExact_MT(java.lang.Object, java.lang.Object, int, java.lang.Object)'> (0x000000070701dee8) 
thrown [s\src\hotspot\share\interpreter\linkResolver.cpp, line 773]
Event: 2.370 Thread 0x00000257f733f5b0 Exception <a 'java/lang/IncompatibleClassChangeError'{0x000000070703cfe8}: Found class java.lang.Object, but interface was expected> (0x000000070703cfe8) 
thrown [s\src\hotspot\share\interpreter\linkResolver.cpp, line 840]
Event: 2.473 Thread 0x00000257f733f5b0 Exception <a 'java/io/FileNotFoundException'{0x00000007069b4ef0}> (0x00000007069b4ef0) 
thrown [s\src\hotspot\share\prims\jni.cpp, line 520]
Event: 2.571 Thread 0x00000257f733f5b0 Exception <a 'java/io/FileNotFoundException'{0x0000000707bd8ab8}> (0x0000000707bd8ab8) 
thrown [s\src\hotspot\share\prims\jni.cpp, line 520]
Event: 2.585 Thread 0x00000257f733f5b0 Exception <a 'java/lang/IncompatibleClassChangeError'{0x000000070761e800}: Found class java.lang.Object, but interface was expected> (0x000000070761e800) 
thrown [s\src\hotspot\share\interpreter\linkResolver.cpp, line 840]
Event: 2.608 Thread 0x00000257f733f5b0 Exception <a 'java/lang/NoSuchMethodError'{0x000000070746d220}: 'void java.lang.invoke.DirectMethodHandle$Holder.invokeSpecial(java.lang.Object, java.lang.Object, java.lang.Object, java.lang.Object, java.lang.Object, java.lang.Object)'> (0x000000070746d220) 
thrown [s\src\hotspot\share\interpreter\linkResolver.cpp, line 773]
Event: 2.620 Thread 0x00000257f733f5b0 Exception <a 'java/lang/NoSuchMethodError'{0x0000000707541b58}: 'void java.lang.invoke.DirectMethodHandle$Holder.invokeSpecialIFC(java.lang.Object, java.lang.Object, java.lang.Object, java.lang.Object)'> (0x0000000707541b58) 
thrown [s\src\hotspot\share\interpreter\linkResolver.cpp, line 773]
Event: 2.701 Thread 0x00000257f733f5b0 Exception <a 'java/lang/NoSuchMethodError'{0x0000000706fdd308}: 'int java.lang.invoke.DirectMethodHandle$Holder.invokeSpecial(java.lang.Object, java.lang.Object, int)'> (0x0000000706fdd308) 
thrown [s\src\hotspot\share\interpreter\linkResolver.cpp, line 773]
Event: 2.811 Thread 0x00000257f6ed1670 Exception <a 'java/lang/NoSuchMethodError'{0x0000000714402450}: 'java.lang.Object java.lang.invoke.DirectMethodHandle$Holder.invokeStaticInit(java.lang.Object, int)'> (0x0000000714402450) 
thrown [s\src\hotspot\share\interpreter\linkResolver.cpp, line 773]
Event: 3.482 Thread 0x00000257f733f5b0 Exception <a 'java/lang/NoSuchMethodError'{0x000000070e1bbb60}: 'long java.lang.invoke.DirectMethodHandle$Holder.invokeStatic(java.lang.Object, java.lang.Object, java.lang.Object)'> (0x000000070e1bbb60) 
thrown [s\src\hotspot\share\interpreter\linkResolver.cpp, line 773]
Event: 3.482 Thread 0x00000257f733f5b0 Exception <a 'java/lang/NoSuchMethodError'{0x000000070e1bf168}: 'long java.lang.invoke.DirectMethodHandle$Holder.invokeStaticInit(java.lang.Object, java.lang.Object, java.lang.Object)'> (0x000000070e1bf168) 
thrown [s\src\hotspot\share\interpreter\linkResolver.cpp, line 773]
Event: 3.483 Thread 0x00000257f733f5b0 Exception <a 'java/lang/NoSuchMethodError'{0x000000070e1d37f8}: 'java.lang.Object java.lang.invoke.DirectMethodHandle$Holder.newInvokeSpecial(java.lang.Object, java.lang.Object, long)'> (0x000000070e1d37f8) 
thrown [s\src\hotspot\share\interpreter\linkResolver.cpp, line 773]
Event: 3.562 Thread 0x00000257f733f5b0 Implicit null exception at 0x00000257a1a6cf5e to 0x00000257a1a6cfe4
Event: 5.682 Thread 0x00000257f733f5b0 Exception <a 'java/lang/ClassNotFoundException'{0x000000070d409528}: com/sun/javafx/scene/control/skin/resources/controls> (0x000000070d409528) 
thrown [s\src\hotspot\share\prims\jni.cpp, line 539]
Event: 5.682 Thread 0x00000257f733f5b0 Exception <a 'java/lang/ClassNotFoundException'{0x000000070d417a00}: com/sun/javafx/scene/control/skin/resources/controls_pl> (0x000000070d417a00) 
thrown [s\src\hotspot\share\prims\jni.cpp, line 539]
Event: 5.682 Thread 0x00000257f733f5b0 Exception <a 'java/lang/ClassNotFoundException'{0x000000070d418dd8}: com/sun/javafx/scene/control/skin/resources/controls_pl_PL> (0x000000070d418dd8) 
thrown [s\src\hotspot\share\prims\jni.cpp, line 539]
Event: 6.796 Thread 0x00000257f733f5b0 Implicit null exception at 0x00000257a1af3c49 to 0x00000257a1af47a0
Event: 6.882 Thread 0x00000257f733f5b0 Exception <a 'java/lang/NullPointerException'{0x000000070cea6580}> (0x000000070cea6580) 
thrown [s\src\hotspot\share\interpreter\linkResolver.cpp, line 1372]

ZGC Phase Switch (0 events):
No events

VM Operations (20 events):
Event: 25.978 Executing VM operation: Cleanup done
Event: 29.006 Executing VM operation: Cleanup
Event: 29.006 Executing VM operation: Cleanup done
Event: 35.055 Executing VM operation: Cleanup
Event: 35.056 Executing VM operation: Cleanup done
Event: 37.068 Executing VM operation: Cleanup
Event: 37.069 Executing VM operation: Cleanup done
Event: 39.094 Executing VM operation: Cleanup
Event: 39.094 Executing VM operation: Cleanup done
Event: 43.132 Executing VM operation: Cleanup
Event: 43.132 Executing VM operation: Cleanup done
Event: 44.142 Executing VM operation: Cleanup
Event: 44.142 Executing VM operation: Cleanup done
Event: 60.146 Executing VM operation: HandshakeAllThreads (HandshakeForDeflation)
Event: 60.146 Executing VM operation: HandshakeAllThreads (HandshakeForDeflation) done
Event: 60.146 Executing VM operation: RendezvousGCThreads
Event: 60.146 Executing VM operation: RendezvousGCThreads done
Event: 64.178 Executing VM operation: Cleanup
Event: 64.178 Executing VM operation: Cleanup done
Event: 73.712 Executing VM operation: Exit

Memory protections (0 events):
No events

Nmethod flushes (20 events):
Event: 1.710 Thread 0x00000257b0d9a0e0 flushing  nmethod 0x0000025799ee2d10
Event: 1.710 Thread 0x00000257b0d9a0e0 flushing  nmethod 0x0000025799ee3710
Event: 1.710 Thread 0x00000257b0d9a0e0 flushing  nmethod 0x0000025799efe110
Event: 1.710 Thread 0x00000257b0d9a0e0 flushing  nmethod 0x0000025799efe610
Event: 1.710 Thread 0x00000257b0d9a0e0 flushing  nmethod 0x0000025799f2b410
Event: 1.710 Thread 0x00000257b0d9a0e0 flushing  nmethod 0x0000025799f55410
Event: 1.710 Thread 0x00000257b0d9a0e0 flushing  nmethod 0x0000025799f55c10
Event: 1.710 Thread 0x00000257b0d9a0e0 flushing  nmethod 0x0000025799f7f610
Event: 1.710 Thread 0x00000257b0d9a0e0 flushing  nmethod 0x0000025799f93290
Event: 1.710 Thread 0x00000257b0d9a0e0 flushing  nmethod 0x0000025799fcfe90
Event: 1.710 Thread 0x00000257b0d9a0e0 flushing  nmethod 0x0000025799fd1710
Event: 1.710 Thread 0x00000257b0d9a0e0 flushing  nmethod 0x0000025799ff7010
Event: 1.710 Thread 0x00000257b0d9a0e0 flushing  nmethod 0x0000025799ffda10
Event: 1.710 Thread 0x00000257b0d9a0e0 flushing  nmethod 0x000002579a029410
Event: 1.710 Thread 0x00000257b0d9a0e0 flushing  nmethod 0x000002579a038510
Event: 1.710 Thread 0x00000257b0d9a0e0 flushing  nmethod 0x000002579a039810
Event: 1.710 Thread 0x00000257b0d9a0e0 flushing  nmethod 0x000002579a03bc10
Event: 1.710 Thread 0x00000257b0d9a0e0 flushing  nmethod 0x000002579a106b10
Event: 1.710 Thread 0x00000257b0d9a0e0 flushing  nmethod 0x000002579a137590
Event: 1.710 Thread 0x00000257b0d9a0e0 flushing  nmethod 0x000002579a138a90

Events (20 events):
Event: 1.569 Thread 0x00000257f615e960 Thread exited: 0x00000257f615e960
Event: 1.725 Thread 0x00000257b0dc3440 Thread added: 0x00000257f6c7faa0
Event: 1.935 Thread 0x000002579167af70 Thread added: 0x00000257fdbb44e0
Event: 2.370 Thread 0x00000257f6c7faa0 Thread exited: 0x00000257f6c7faa0
Event: 2.399 Thread 0x00000257b0dc3440 Thread added: 0x00000257fec887c0
Event: 2.581 Thread 0x00000257f733f5b0 Thread added: 0x00000257fdbb5200
Event: 2.791 Thread 0x00000257f6ed1670 Thread added: 0x000002578010b2c0
Event: 3.028 Thread 0x00000257fec887c0 Thread exited: 0x00000257fec887c0
Event: 3.028 Thread 0x00000257f6160a70 Thread exited: 0x00000257f6160a70
Event: 3.487 Thread 0x00000257b0dc3440 Thread added: 0x00000257fec87a20
Event: 3.769 Thread 0x00000257fec87a20 Thread exited: 0x00000257fec87a20
Event: 6.901 Thread 0x00000257b0dc3440 Thread added: 0x00000257fec89560
Event: 7.155 Thread 0x00000257fec89560 Thread exited: 0x00000257fec89560
Event: 73.710 Thread 0x00000257b0db9f80 Thread added: 0x00000257fe80c8c0
Event: 73.710 Thread 0x00000257fe80c8c0 Thread added: 0x00000257fe80c230
Event: 73.710 Thread 0x00000257fe80c8c0 Thread added: 0x00000257fe80b510
Event: 73.711 Thread 0x00000257fe80b510 Thread exited: 0x00000257fe80b510
Event: 73.712 Thread 0x00000257fe80c230 Thread exited: 0x00000257fe80c230
Event: 73.712 Thread 0x00000257fe80c8c0 Before exit entered
Event: 73.712 Thread 0x00000257b0db9f80 Thread exited: 0x00000257b0db9f80


Dynamic libraries:
0x00007ff7dbb50000 - 0x00007ff7dbb5e000 	C:\Users\bkiin\.jdks\corretto-21.0.6\bin\java.exe
0x00007ffb76f00000 - 0x00007ffb77165000 	C:\WINDOWS\SYSTEM32\ntdll.dll
0x00007ffb75cf0000 - 0x00007ffb75db9000 	C:\WINDOWS\System32\KERNEL32.DLL
0x00007ffb74730000 - 0x00007ffb74b18000 	C:\WINDOWS\System32\KERNELBASE.dll
0x00007ffb74050000 - 0x00007ffb7419b000 	C:\WINDOWS\System32\ucrtbase.dll
0x00007ffb6d060000 - 0x00007ffb6d078000 	C:\Users\bkiin\.jdks\corretto-21.0.6\bin\jli.dll
0x00007ffb67960000 - 0x00007ffb6797b000 	C:\Users\bkiin\.jdks\corretto-21.0.6\bin\VCRUNTIME140.dll
0x00007ffb53ca0000 - 0x00007ffb53f3a000 	C:\WINDOWS\WinSxS\amd64_microsoft.windows.common-controls_6595b64144ccf1df_6.0.26100.4202_none_3e0698d4e335f517\COMCTL32.dll
0x00007ffb76690000 - 0x00007ffb7685a000 	C:\WINDOWS\System32\USER32.dll
0x00007ffb76cf0000 - 0x00007ffb76d99000 	C:\WINDOWS\System32\msvcrt.dll
0x00007ffb75f60000 - 0x00007ffb75f8b000 	C:\WINDOWS\System32\GDI32.dll
0x00007ffb74700000 - 0x00007ffb74727000 	C:\WINDOWS\System32\win32u.dll
0x00007ffb74240000 - 0x00007ffb74377000 	C:\WINDOWS\System32\gdi32full.dll
0x00007ffb74380000 - 0x00007ffb74423000 	C:\WINDOWS\System32\msvcp_win.dll
0x00007ffb76ca0000 - 0x00007ffb76cd0000 	C:\WINDOWS\System32\IMM32.DLL
0x00007ffb67950000 - 0x00007ffb6795c000 	C:\Users\bkiin\.jdks\corretto-21.0.6\bin\vcruntime140_1.dll
0x00007ffb58640000 - 0x00007ffb586cd000 	C:\Users\bkiin\.jdks\corretto-21.0.6\bin\msvcp140.dll
0x00007ffb3af80000 - 0x00007ffb3bd1f000 	C:\Users\bkiin\.jdks\corretto-21.0.6\bin\server\jvm.dll
0x00007ffb76140000 - 0x00007ffb761f3000 	C:\WINDOWS\System32\ADVAPI32.dll
0x00007ffb769f0000 - 0x00007ffb76a96000 	C:\WINDOWS\System32\sechost.dll
0x00007ffb76da0000 - 0x00007ffb76eb5000 	C:\WINDOWS\System32\RPCRT4.dll
0x00007ffb752b0000 - 0x00007ffb75324000 	C:\WINDOWS\System32\WS2_32.dll
0x00007ffb72c40000 - 0x00007ffb72c9e000 	C:\WINDOWS\SYSTEM32\POWRPROF.dll
0x00007ffb679a0000 - 0x00007ffb679d5000 	C:\WINDOWS\SYSTEM32\WINMM.dll
0x00007ffb699c0000 - 0x00007ffb699cb000 	C:\WINDOWS\SYSTEM32\VERSION.dll
0x00007ffb72c20000 - 0x00007ffb72c34000 	C:\WINDOWS\SYSTEM32\UMPDC.dll
0x00007ffb72f30000 - 0x00007ffb72f4b000 	C:\WINDOWS\SYSTEM32\kernel.appcore.dll
0x00007ffb67940000 - 0x00007ffb6794a000 	C:\Users\bkiin\.jdks\corretto-21.0.6\bin\jimage.dll
0x00007ffb71440000 - 0x00007ffb71681000 	C:\WINDOWS\SYSTEM32\DBGHELP.DLL
0x00007ffb74d20000 - 0x00007ffb750a5000 	C:\WINDOWS\System32\combase.dll
0x00007ffb75dc0000 - 0x00007ffb75ea1000 	C:\WINDOWS\System32\OLEAUT32.dll
0x00007ffb404d0000 - 0x00007ffb40509000 	C:\WINDOWS\SYSTEM32\dbgcore.DLL
0x00007ffb741a0000 - 0x00007ffb74239000 	C:\WINDOWS\System32\bcryptPrimitives.dll
0x00007ffb67930000 - 0x00007ffb6793e000 	C:\Users\bkiin\.jdks\corretto-21.0.6\bin\instrument.dll
0x00007ffb677a0000 - 0x00007ffb677bf000 	C:\Users\bkiin\.jdks\corretto-21.0.6\bin\java.dll
0x00007ffb755a0000 - 0x00007ffb75ce2000 	C:\WINDOWS\System32\SHELL32.dll
0x00007ffb74430000 - 0x00007ffb745a4000 	C:\WINDOWS\System32\wintypes.dll
0x00007ffb71c90000 - 0x00007ffb724e7000 	C:\WINDOWS\SYSTEM32\windows.storage.dll
0x00007ffb768e0000 - 0x00007ffb769d1000 	C:\WINDOWS\System32\SHCORE.dll
0x00007ffb751c0000 - 0x00007ffb7522a000 	C:\WINDOWS\System32\shlwapi.dll
0x00007ffb73f60000 - 0x00007ffb73f8f000 	C:\WINDOWS\SYSTEM32\profapi.dll
0x00007ffb4f860000 - 0x00007ffb4f937000 	C:\Users\bkiin\.jdks\corretto-21.0.6\bin\jsvml.dll
0x00007ffb67900000 - 0x00007ffb67910000 	C:\Users\bkiin\.jdks\corretto-21.0.6\bin\net.dll
0x00007ffb6d380000 - 0x00007ffb6d49e000 	C:\WINDOWS\SYSTEM32\WINHTTP.dll
0x00007ffb734a0000 - 0x00007ffb7350a000 	C:\WINDOWS\system32\mswsock.dll
0x00007ffb67780000 - 0x00007ffb67796000 	C:\Users\bkiin\.jdks\corretto-21.0.6\bin\nio.dll
0x00007ffb67050000 - 0x00007ffb67068000 	C:\Users\bkiin\.jdks\corretto-21.0.6\bin\zip.dll
0x00007ffb72910000 - 0x00007ffb72a37000 	C:\WINDOWS\SYSTEM32\DNSAPI.dll
0x00007ffb72880000 - 0x00007ffb728b3000 	C:\WINDOWS\SYSTEM32\IPHLPAPI.DLL
0x00007ffb75330000 - 0x00007ffb7533a000 	C:\WINDOWS\System32\NSI.dll
0x00007ffb6caf0000 - 0x00007ffb6cafb000 	C:\Windows\System32\rasadhlp.dll
0x00007ffb6d8c0000 - 0x00007ffb6d946000 	C:\WINDOWS\System32\fwpuclnt.dll
0x00007ffb67740000 - 0x00007ffb67749000 	C:\Users\bkiin\.jdks\corretto-21.0.6\bin\management.dll
0x00007ffb66fd0000 - 0x00007ffb66fdb000 	C:\Users\bkiin\.jdks\corretto-21.0.6\bin\management_ext.dll
0x00007ffb76ce0000 - 0x00007ffb76ce8000 	C:\WINDOWS\System32\PSAPI.DLL
0x0000025790cc0000 - 0x0000025790cc3000 	C:\Users\bkiin\.openjfx\cache\21+31\amd64\api-ms-win-core-console-l1-1-0.dll
0x0000025790cd0000 - 0x0000025790cd3000 	C:\Users\bkiin\.openjfx\cache\21+31\amd64\api-ms-win-core-console-l1-2-0.dll
0x0000025790ce0000 - 0x0000025790ce3000 	C:\Users\bkiin\.openjfx\cache\21+31\amd64\api-ms-win-core-datetime-l1-1-0.dll
0x0000025790cf0000 - 0x0000025790cf3000 	C:\Users\bkiin\.openjfx\cache\21+31\amd64\api-ms-win-core-debug-l1-1-0.dll
0x0000025790d00000 - 0x0000025790d03000 	C:\Users\bkiin\.openjfx\cache\21+31\amd64\api-ms-win-core-errorhandling-l1-1-0.dll
0x0000025791600000 - 0x0000025791604000 	C:\Users\bkiin\.openjfx\cache\21+31\amd64\api-ms-win-core-file-l1-1-0.dll
0x0000025791610000 - 0x0000025791613000 	C:\Users\bkiin\.openjfx\cache\21+31\amd64\api-ms-win-core-file-l1-2-0.dll
0x0000025791620000 - 0x0000025791623000 	C:\Users\bkiin\.openjfx\cache\21+31\amd64\api-ms-win-core-file-l2-1-0.dll
0x0000025791630000 - 0x0000025791633000 	C:\Users\bkiin\.openjfx\cache\21+31\amd64\api-ms-win-core-handle-l1-1-0.dll
0x00000257b0df0000 - 0x00000257b0df3000 	C:\Users\bkiin\.openjfx\cache\21+31\amd64\api-ms-win-core-heap-l1-1-0.dll
0x00000257b0e00000 - 0x00000257b0e03000 	C:\Users\bkiin\.openjfx\cache\21+31\amd64\api-ms-win-core-interlocked-l1-1-0.dll
0x00000257b0e10000 - 0x00000257b0e13000 	C:\Users\bkiin\.openjfx\cache\21+31\amd64\api-ms-win-core-libraryloader-l1-1-0.dll
0x00000257b0e20000 - 0x00000257b0e23000 	C:\Users\bkiin\.openjfx\cache\21+31\amd64\api-ms-win-core-localization-l1-2-0.dll
0x00000257b0e30000 - 0x00000257b0e33000 	C:\Users\bkiin\.openjfx\cache\21+31\amd64\api-ms-win-core-memory-l1-1-0.dll
0x00000257b0e40000 - 0x00000257b0e43000 	C:\Users\bkiin\.openjfx\cache\21+31\amd64\api-ms-win-core-namedpipe-l1-1-0.dll
0x00000257b0e50000 - 0x00000257b0e53000 	C:\Users\bkiin\.openjfx\cache\21+31\amd64\api-ms-win-core-processenvironment-l1-1-0.dll
0x00000257b0e60000 - 0x00000257b0e63000 	C:\Users\bkiin\.openjfx\cache\21+31\amd64\api-ms-win-core-processthreads-l1-1-0.dll
0x00000257b0e70000 - 0x00000257b0e73000 	C:\Users\bkiin\.openjfx\cache\21+31\amd64\api-ms-win-core-processthreads-l1-1-1.dll
0x00000257b0e80000 - 0x00000257b0e83000 	C:\Users\bkiin\.openjfx\cache\21+31\amd64\api-ms-win-core-profile-l1-1-0.dll
0x00000257b0e90000 - 0x00000257b0e93000 	C:\Users\bkiin\.openjfx\cache\21+31\amd64\api-ms-win-core-rtlsupport-l1-1-0.dll
0x00000257b0ea0000 - 0x00000257b0ea3000 	C:\Users\bkiin\.openjfx\cache\21+31\amd64\api-ms-win-core-string-l1-1-0.dll
0x00000257b0eb0000 - 0x00000257b0eb3000 	C:\Users\bkiin\.openjfx\cache\21+31\amd64\api-ms-win-core-synch-l1-1-0.dll
0x00000257b0ec0000 - 0x00000257b0ec3000 	C:\Users\bkiin\.openjfx\cache\21+31\amd64\api-ms-win-core-synch-l1-2-0.dll
0x00000257b0ed0000 - 0x00000257b0ed3000 	C:\Users\bkiin\.openjfx\cache\21+31\amd64\api-ms-win-core-sysinfo-l1-1-0.dll
0x00000257b0ee0000 - 0x00000257b0ee3000 	C:\Users\bkiin\.openjfx\cache\21+31\amd64\api-ms-win-core-timezone-l1-1-0.dll
0x00000257b0ef0000 - 0x00000257b0ef3000 	C:\Users\bkiin\.openjfx\cache\21+31\amd64\api-ms-win-core-util-l1-1-0.dll
0x00000257b0f00000 - 0x00000257b0f03000 	C:\Users\bkiin\.openjfx\cache\21+31\amd64\api-ms-win-crt-conio-l1-1-0.dll
0x00000257b0f10000 - 0x00000257b0f14000 	C:\Users\bkiin\.openjfx\cache\21+31\amd64\api-ms-win-crt-convert-l1-1-0.dll
0x00000257b0f20000 - 0x00000257b0f23000 	C:\Users\bkiin\.openjfx\cache\21+31\amd64\api-ms-win-crt-environment-l1-1-0.dll
0x00000257b0f30000 - 0x00000257b0f33000 	C:\Users\bkiin\.openjfx\cache\21+31\amd64\api-ms-win-crt-filesystem-l1-1-0.dll
0x00000257b0f40000 - 0x00000257b0f43000 	C:\Users\bkiin\.openjfx\cache\21+31\amd64\api-ms-win-crt-heap-l1-1-0.dll
0x00000257b0f50000 - 0x00000257b0f53000 	C:\Users\bkiin\.openjfx\cache\21+31\amd64\api-ms-win-crt-locale-l1-1-0.dll
0x00000257b0f60000 - 0x00000257b0f65000 	C:\Users\bkiin\.openjfx\cache\21+31\amd64\api-ms-win-crt-math-l1-1-0.dll
0x00000257b0f70000 - 0x00000257b0f75000 	C:\Users\bkiin\.openjfx\cache\21+31\amd64\api-ms-win-crt-multibyte-l1-1-0.dll
0x00000257b0f80000 - 0x00000257b0f90000 	C:\Users\bkiin\.openjfx\cache\21+31\amd64\api-ms-win-crt-private-l1-1-0.dll
0x00000257b0f90000 - 0x00000257b0f93000 	C:\Users\bkiin\.openjfx\cache\21+31\amd64\api-ms-win-crt-process-l1-1-0.dll
0x00000257b0fa0000 - 0x00000257b0fa4000 	C:\Users\bkiin\.openjfx\cache\21+31\amd64\api-ms-win-crt-runtime-l1-1-0.dll
0x00000257b0fb0000 - 0x00000257b0fb4000 	C:\Users\bkiin\.openjfx\cache\21+31\amd64\api-ms-win-crt-stdio-l1-1-0.dll
0x00000257b0fc0000 - 0x00000257b0fc4000 	C:\Users\bkiin\.openjfx\cache\21+31\amd64\api-ms-win-crt-string-l1-1-0.dll
0x00000257b0fd0000 - 0x00000257b0fd3000 	C:\Users\bkiin\.openjfx\cache\21+31\amd64\api-ms-win-crt-time-l1-1-0.dll
0x00000257b0fe0000 - 0x00000257b0fe3000 	C:\Users\bkiin\.openjfx\cache\21+31\amd64\api-ms-win-crt-utility-l1-1-0.dll
0x00007ffb3ae80000 - 0x00007ffb3af7c000 	C:\Users\bkiin\.openjfx\cache\21+31\amd64\ucrtbase.dll
0x00007ffb66fb0000 - 0x00007ffb66fcb000 	C:\Users\bkiin\.openjfx\cache\21+31\amd64\vcruntime140.dll
0x00007ffb66fa0000 - 0x00007ffb66fac000 	C:\Users\bkiin\.openjfx\cache\21+31\amd64\vcruntime140_1.dll
0x00007ffb40e90000 - 0x00007ffb40f1e000 	C:\Users\bkiin\.openjfx\cache\21+31\amd64\msvcp140.dll
0x00007ffb75f90000 - 0x00007ffb7612e000 	C:\WINDOWS\System32\ole32.dll
0x00007ffb66f50000 - 0x00007ffb66f59000 	C:\Users\bkiin\.openjfx\cache\21+31\amd64\msvcp140_1.dll
0x00007ffb61600000 - 0x00007ffb6162f000 	C:\Users\bkiin\.openjfx\cache\21+31\amd64\msvcp140_2.dll
0x00007ffb73750000 - 0x00007ffb7376b000 	C:\WINDOWS\SYSTEM32\CRYPTSP.dll
0x00007ffb72e90000 - 0x00007ffb72eca000 	C:\WINDOWS\system32\rsaenh.dll
0x00007ffb73540000 - 0x00007ffb7356b000 	C:\WINDOWS\SYSTEM32\USERENV.dll
0x00007ffb73f30000 - 0x00007ffb73f56000 	C:\WINDOWS\SYSTEM32\bcrypt.dll
0x00007ffb73770000 - 0x00007ffb7377c000 	C:\WINDOWS\SYSTEM32\CRYPTBASE.dll
0x00007ffb22d50000 - 0x00007ffb22d68000 	C:\WINDOWS\system32\napinsp.dll
0x00007ffb22d30000 - 0x00007ffb22d42000 	C:\WINDOWS\System32\winrnr.dll
0x00007ffb22cf0000 - 0x00007ffb22d20000 	C:\WINDOWS\system32\nlansp_c.dll
0x00007ffb693b0000 - 0x00007ffb693d0000 	C:\WINDOWS\system32\wshbth.dll
0x00007ffb5a310000 - 0x00007ffb5a33f000 	C:\Users\bkiin\.openjfx\cache\21+31\amd64\prism_d3d.dll
0x00007ffb21d20000 - 0x00007ffb21ed7000 	C:\WINDOWS\system32\d3d9.dll
0x00007ffb71040000 - 0x00007ffb71076000 	C:\WINDOWS\SYSTEM32\dwmapi.dll
0x00007ffb710d0000 - 0x00007ffb7111d000 	C:\WINDOWS\SYSTEM32\dxcore.dll
0x00007ffb70970000 - 0x00007ffb70a1f000 	C:\WINDOWS\system32\uxtheme.dll
0x00007ffb0c5d0000 - 0x00007ffb0c86f000 	C:\WINDOWS\System32\DriverStore\FileRepository\iigd_dch.inf_amd64_9db6816fe4d1e6f9\igdumdim64.dll
0x00007ffb0ac20000 - 0x00007ffb0c5c3000 	C:\WINDOWS\System32\DriverStore\FileRepository\iigd_dch.inf_amd64_9db6816fe4d1e6f9\igd9trinity64.dll
0x00007ffb70ee0000 - 0x00007ffb71015000 	C:\WINDOWS\system32\dxgi.dll
0x00007ffb70e50000 - 0x00007ffb70eb1000 	C:\WINDOWS\SYSTEM32\directxdatabasehelper.dll
0x00007ffb73cb0000 - 0x00007ffb73d07000 	C:\WINDOWS\SYSTEM32\cfgmgr32.dll
0x00007ffb67070000 - 0x00007ffb67603000 	C:\WINDOWS\System32\DriverStore\FileRepository\iigd_dch.inf_amd64_9db6816fe4d1e6f9\igdgmm64.dll
0x00007ffb61780000 - 0x00007ffb668c9000 	C:\WINDOWS\System32\DriverStore\FileRepository\iigd_dch.inf_amd64_9db6816fe4d1e6f9\igc64.dll
0x00007ffb57cf0000 - 0x00007ffb57d3d000 	C:\WINDOWS\SYSTEM32\ControlLib.dll
0x00007ffb1e010000 - 0x00007ffb1e0bc000 	C:\WINDOWS\System32\DriverStore\FileRepository\iigd_dch.inf_amd64_9db6816fe4d1e6f9\IntelControlLib.dll
0x00007ffae67f0000 - 0x00007ffae7f15000 	C:\WINDOWS\System32\DriverStore\FileRepository\iigd_dch.inf_amd64_9db6816fe4d1e6f9\igd9dxva64.dll
0x00007ffb76200000 - 0x00007ffb76686000 	C:\WINDOWS\System32\SETUPAPI.dll

dbghelp: loaded successfully - version: 4.0.5 - missing functions: none
symbol engine: initialized successfully - sym options: 0x614 - pdb path: .;C:\Users\bkiin\.jdks\corretto-21.0.6\bin;C:\WINDOWS\SYSTEM32;C:\WINDOWS\WinSxS\amd64_microsoft.windows.common-controls_6595b64144ccf1df_6.0.26100.4202_none_3e0698d4e335f517;C:\Users\bkiin\.jdks\corretto-21.0.6\bin\server;C:\Users\bkiin\.openjfx\cache\21+31\amd64;C:\WINDOWS\System32\DriverStore\FileRepository\iigd_dch.inf_amd64_9db6816fe4d1e6f9;C:\Program Files\Common Files\Microsoft Shared\Ink

VM Arguments:
jvm_args: -javaagent:C:\Program Files\JetBrains\IntelliJ IDEA 2024.3.3\lib\idea_rt.jar=57690 -Dfile.encoding=UTF-8 -Dsun.stdout.encoding=UTF-8 -Dsun.stderr.encoding=UTF-8 --module-path=C:\Users\bkiin\.m2\repository\org\openjfx\javafx-controls\21\javafx-controls-21-win.jar;C:\Users\bkiin\.m2\repository\org\openjfx\javafx-fxml\21\javafx-fxml-21-win.jar;C:\Users\bkiin\.m2\repository\org\hibernate\orm\hibernate-core\6.4.4.Final\hibernate-core-6.4.4.Final.jar;C:\Users\bkiin\.m2\repository\org\openjfx\javafx-graphics\21\javafx-graphics-21-win.jar;C:\Users\bkiin\Desktop\Roomies-System-Zarzadzania-Pokojami-Projekt\target\classes;C:\Users\bkiin\.m2\repository\jakarta\persistence\jakarta.persistence-api\3.1.0\jakarta.persistence-api-3.1.0.jar;C:\Users\bkiin\.m2\repository\org\openjfx\javafx-base\21\javafx-base-21-win.jar -Djdk.module.main=com.roomies 
java_command: com.roomies/com.roomies.RoomiesApp
java_class_path (initial): C:\Users\bkiin\.m2\repository\org\openjfx\javafx-controls\21\javafx-controls-21.jar;C:\Users\bkiin\.m2\repository\org\openjfx\javafx-graphics\21\javafx-graphics-21.jar;C:\Users\bkiin\.m2\repository\org\openjfx\javafx-base\21\javafx-base-21.jar;C:\Users\bkiin\.m2\repository\org\openjfx\javafx-fxml\21\javafx-fxml-21.jar;C:\Users\bkiin\.m2\repository\jakarta\transaction\jakarta.transaction-api\2.0.1\jakarta.transaction-api-2.0.1.jar;C:\Users\bkiin\.m2\repository\org\jboss\logging\jboss-logging\3.5.0.Final\jboss-logging-3.5.0.Final.jar;C:\Users\bkiin\.m2\repository\org\hibernate\common\hibernate-commons-annotations\6.0.6.Final\hibernate-commons-annotations-6.0.6.Final.jar;C:\Users\bkiin\.m2\repository\io\smallrye\jandex\3.1.2\jandex-3.1.2.jar;C:\Users\bkiin\.m2\repository\com\fasterxml\classmate\1.5.1\classmate-1.5.1.jar;C:\Users\bkiin\.m2\repository\net\bytebuddy\byte-buddy\1.14.11\byte-buddy-1.14.11.jar;C:\Users\bkiin\.m2\repository\jakarta\xml\bind\jakarta.xml.bind-api\4.0.0\jakarta.xml.bind-api-4.0.0.jar;C:\Users\bkiin\.m2\repository\jakarta\activation\jakarta.activation-api\2.1.0\jakarta.activation-api-2.1.0.jar;C:\Users\bkiin\.m2\repository\org\glassfish\jaxb\jaxb-runtime\4.0.2\jaxb-runtime-4.0.2.jar;C:\Users\bkiin\.m2\repository\org\glassfish\jaxb\jaxb-core\4.0.2\jaxb-core-4.0.2.jar;C:\Users\bkiin\.m2\repository\org\eclipse\angus\angus-activation\2.0.0\angus-activation-2.0.0.jar;C:\Users\bkiin\.m2\repository\org\glassfish\jaxb\txw2\4.0.2\txw2-4.0.2.jar;C:\Users\bkiin\.m2\repository\com\sun\istack\istack-commons-runtime\4.1.1\istack-commons-runtime-4.1.1.jar;C:\Users\bkiin\.m2\repository\jakarta\inject\jakarta.inject-api\2.0.1\jakarta.inject-api-2.0.1.jar;C:\Users\bkiin\.m2\repository\org\antlr\antlr4-runtime\4.13.0\antlr4-runtime-4.13.0.jar;C:\Users\bkiin\.m2\repository\org\postgresql\postgresql\42.7.3\postgresql-42.7.3.jar;C:\Users\bkiin\.m2\repository\org\checkerframework\checker-qual\3.42.0\checker-qual-3.42.0.jar
Launcher Type: SUN_STANDARD

[Global flags]
     intx CICompilerCount                          = 4                                         {product} {ergonomic}
     uint ConcGCThreads                            = 3                                         {product} {ergonomic}
     uint G1ConcRefinementThreads                  = 10                                        {product} {ergonomic}
   size_t G1HeapRegionSize                         = 2097152                                   {product} {ergonomic}
    uintx GCDrainStackTargetSize                   = 64                                        {product} {ergonomic}
   size_t InitialHeapSize                          = 264241152                                 {product} {ergonomic}
   size_t MarkStackSize                            = 4194304                                   {product} {ergonomic}
   size_t MaxHeapSize                              = 4217372672                                {product} {ergonomic}
   size_t MaxNewSize                               = 2529165312                                {product} {ergonomic}
   size_t MinHeapDeltaBytes                        = 2097152                                   {product} {ergonomic}
   size_t MinHeapSize                              = 8388608                                   {product} {ergonomic}
    uintx NonNMethodCodeHeapSize                   = 5839372                                {pd product} {ergonomic}
    uintx NonProfiledCodeHeapSize                  = 122909434                              {pd product} {ergonomic}
    uintx ProfiledCodeHeapSize                     = 122909434                              {pd product} {ergonomic}
    uintx ReservedCodeCacheSize                    = 251658240                              {pd product} {ergonomic}
     bool SegmentedCodeCache                       = true                                      {product} {ergonomic}
   size_t SoftMaxHeapSize                          = 4217372672                             {manageable} {ergonomic}
     bool UseCompressedOops                        = true                           {product lp64_product} {ergonomic}
     bool UseG1GC                                  = true                                      {product} {ergonomic}
     bool UseLargePagesIndividualAllocation        = false                                  {pd product} {ergonomic}

Logging:
Log output configuration:
 #0: stdout all=off uptime,level,tags foldmultilines=false
 #1: stderr all=off uptime,level,tags foldmultilines=false

Environment Variables:
PATH=C:\WINDOWS\system32;C:\WINDOWS;C:\WINDOWS\System32\Wbem;C:\WINDOWS\System32\WindowsPowerShell\v1.0\;C:\WINDOWS\System32\OpenSSH\;C:\Program Files (x86)\NVIDIA Corporation\PhysX\Common;C:\Program Files\NVIDIA Corporation\NVIDIA app\NvDLISR;C:\Program Files\dotnet\;C:\Program Files\Wolfram Research\WolframScript\;C:\Program Files\Docker\Docker\resources\bin;C:\Program Files\Git\cmd;C:\Users\bkiin\AppData\Local\Programs\Python\Python313\Scripts\;C:\Users\bkiin\AppData\Local\Programs\Python\Python313\;C:\Users\bkiin\AppData\Local\Programs\Python\Launcher\;C:\Users\bkiin\AppData\Local\Microsoft\WindowsApps;C:\Users\bkiin\AppData\Local\Programs\Microsoft VS Code\bin;C:\MinGW\bin;C:\Users\bkiin\AppData\Local\Microsoft\WindowsApps;C:\Users\bkiin\AppData\Local\GitHubDesktop\bin;C:\Users\bkiin\.dotnet\tools
USERNAME=MSI
OS=Windows_NT
PROCESSOR_IDENTIFIER=Intel64 Family 6 Model 154 Stepping 3, GenuineIntel
TMP=C:\Users\bkiin\AppData\Local\Temp
TEMP=C:\Users\bkiin\AppData\Local\Temp




Periodic native trim disabled

---------------  S Y S T E M  ---------------

OS:
 Windows 11 , 64 bit Build 26100 (10.0.26100.4202)
OS uptime: 1 days 1:19 hours
Hyper-V role detected

CPU: total 12 (initial active 12) (6 cores per cpu, 2 threads per core) family 6 model 154 stepping 3 microcode 0x424, cx8, cmov, fxsr, ht, mmx, 3dnowpref, sse, sse2, sse3, ssse3, sse4.1, sse4.2, popcnt, lzcnt, tsc, tscinvbit, avx, avx2, aes, erms, clmul, bmi1, bmi2, adx, sha, fma, vzeroupper, clflush, clflushopt, clwb, hv, serialize, rdtscp, rdpid, fsrm, f16c, cet_ibt, cet_ss
Processor Information for processor 0
  Max Mhz: 2000, Current Mhz: 2000, Mhz Limit: 2000
Processor Information for processor 1
  Max Mhz: 2000, Current Mhz: 1520, Mhz Limit: 2000
Processor Information for processor 2
  Max Mhz: 2000, Current Mhz: 2000, Mhz Limit: 2000
Processor Information for processor 3
  Max Mhz: 2000, Current Mhz: 2000, Mhz Limit: 2000
Processor Information for processor 4
  Max Mhz: 2000, Current Mhz: 2000, Mhz Limit: 2000
Processor Information for processor 5
  Max Mhz: 2000, Current Mhz: 2000, Mhz Limit: 2000
Processor Information for processor 6
  Max Mhz: 2000, Current Mhz: 2000, Mhz Limit: 2000
Processor Information for processor 7
  Max Mhz: 2000, Current Mhz: 2000, Mhz Limit: 2000
Processor Information for processor 8
  Max Mhz: 2000, Current Mhz: 2000, Mhz Limit: 2000
Processor Information for processor 9
  Max Mhz: 2000, Current Mhz: 1466, Mhz Limit: 2000
Processor Information for processor 10
  Max Mhz: 2000, Current Mhz: 2000, Mhz Limit: 2000
Processor Information for processor 11
  Max Mhz: 2000, Current Mhz: 2000, Mhz Limit: 2000

Memory: 4k page, system-wide physical 16087M (3265M free)
TotalPageFile size 24791M (AvailPageFile size 8796M)
current process WorkingSet (physical memory assigned to process): 450M, peak: 487M
current process commit charge ("private bytes"): 568M, peak: 615M

vm_info: OpenJDK 64-Bit Server VM (21.0.6+7-LTS) for windows-amd64 JRE (21.0.6+7-LTS), built on 2025-01-07T23:42:01Z by "Administrator" with MS VC++ 16.10 / 16.11 (VS2019)

END.
